SMM: enter
EAX=00000001 EBX=00000000 ECX=02000000 EDX=02000628
ESI=0000000b EDI=02000000 EBP=00014c40 ESP=00006c5c
EIP=000eaced EFL=00000002 [-------] CPL=0 II=0 A20=1 SMM=0 HLT=0
ES =0010 00000000 ffffffff 00cf9300 DPL=0 DS   [-WA]
CS =0008 00000000 ffffffff 00cf9b00 DPL=0 CS32 [-RA]
SS =0010 00000000 ffffffff 00cf9300 DPL=0 DS   [-WA]
DS =0010 00000000 ffffffff 00cf9300 DPL=0 DS   [-WA]
FS =0010 00000000 ffffffff 00cf9300 DPL=0 DS   [-WA]
GS =0010 00000000 ffffffff 00cf9300 DPL=0 DS   [-WA]
LDT=0000 00000000 0000ffff 00008200 DPL=0 LDT
TR =0000 00000000 0000ffff 00008b00 DPL=0 TSS32-busy
GDT=     000f6180 00000037
IDT=     000f61be 00000000
CR0=00000011 CR2=00000000 CR3=00000000 CR4=00000000
DR0=0000000000000000 DR1=0000000000000000 DR2=0000000000000000 DR3=0000000000000000 
DR6=00000000ffff0ff0 DR7=0000000000000400
CCS=00000080 CCD=00000001 CCO=LOGICB
EFER=0000000000000000
SMM: after RSM
EAX=00000001 EBX=00000000 ECX=02000000 EDX=02000628
ESI=0000000b EDI=02000000 EBP=00014c40 ESP=00006c5c
EIP=000eaced EFL=00000002 [-------] CPL=0 II=0 A20=1 SMM=0 HLT=0
ES =0010 00000000 ffffffff 00c09300 DPL=0 DS   [-WA]
CS =0008 00000000 ffffffff 00c09b00 DPL=0 CS32 [-RA]
SS =0010 00000000 ffffffff 00c09300 DPL=0 DS   [-WA]
DS =0010 00000000 ffffffff 00c09300 DPL=0 DS   [-WA]
FS =0010 00000000 ffffffff 00c09300 DPL=0 DS   [-WA]
GS =0010 00000000 ffffffff 00c09300 DPL=0 DS   [-WA]
LDT=0000 00000000 0000ffff 00008200 DPL=0 LDT
TR =0000 00000000 0000ffff 00008b00 DPL=0 TSS32-busy
GDT=     000f6180 00000037
IDT=     000f61be 00000000
CR0=00000011 CR2=00000000 CR3=00000000 CR4=00000000
DR0=0000000000000000 DR1=0000000000000000 DR2=0000000000000000 DR3=0000000000000000 
DR6=00000000ffff0ff0 DR7=0000000000000400
CCS=00000000 CCD=00000000 CCO=EFLAGS
EFER=0000000000000000
Servicing hardware INT=0x08
SMM: enter
EAX=000000b5 EBX=000f7b5f ECX=00001234 EDX=00006cff
ESI=00006cb8 EDI=1effec94 EBP=00006c78 ESP=00006c78
EIP=00007b5e EFL=00000006 [-----P-] CPL=0 II=0 A20=1 SMM=0 HLT=0
ES =d980 000d9800 ffffffff 008f9300
CS =f000 000f0000 ffffffff 008f9b00
SS =0000 00000000 ffffffff 008f9300
DS =0000 00000000 ffffffff 008f9300
FS =0000 00000000 ffffffff 008f9300
GS =0000 00000000 ffffffff 008f9300
LDT=0000 00000000 0000ffff 00008200
TR =0000 00000000 0000ffff 00008b00
GDT=     00000000 00000000
IDT=     00000000 000003ff
CR0=00000010 CR2=00000000 CR3=00000000 CR4=00000000
DR0=0000000000000000 DR1=0000000000000000 DR2=0000000000000000 DR3=0000000000000000 
DR6=00000000ffff0ff0 DR7=0000000000000400
CCS=00000004 CCD=00006c78 CCO=EFLAGS
EFER=0000000000000000
SMM: after RSM
EAX=000000b5 EBX=000f7b5f ECX=00001234 EDX=00006cff
ESI=00006cb8 EDI=1effec94 EBP=00006c78 ESP=00006c78
EIP=000f7b5f EFL=00000002 [-------] CPL=0 II=0 A20=1 SMM=0 HLT=0
ES =0010 00000000 ffffffff 00c09300 DPL=0 DS   [-WA]
CS =0008 00000000 ffffffff 00c09b00 DPL=0 CS32 [-RA]
SS =0010 00000000 ffffffff 00c09300 DPL=0 DS   [-WA]
DS =0010 00000000 ffffffff 00c09300 DPL=0 DS   [-WA]
FS =0010 00000000 ffffffff 00c09300 DPL=0 DS   [-WA]
GS =0010 00000000 ffffffff 00c09300 DPL=0 DS   [-WA]
LDT=0000 00000000 0000ffff 00008200 DPL=0 LDT
TR =0000 00000000 0000ffff 00008b00 DPL=0 TSS32-busy
GDT=     000f6180 00000037
IDT=     000f61be 00000000
CR0=00000011 CR2=00000000 CR3=00000000 CR4=00000000
DR0=0000000000000000 DR1=0000000000000000 DR2=0000000000000000 DR3=0000000000000000 
DR6=00000000ffff0ff0 DR7=0000000000000400
CCS=00000000 CCD=00000000 CCO=EFLAGS
EFER=0000000000000000
SMM: enter
EAX=000000b5 EBX=00007b79 ECX=00005678 EDX=1efe8d90
ESI=000e8a40 EDI=1effec94 EBP=00006c78 ESP=00006c78
EIP=000f7b78 EFL=00000012 [----A--] CPL=0 II=0 A20=1 SMM=0 HLT=0
ES =0010 00000000 ffffffff 00c09300 DPL=0 DS   [-WA]
CS =0008 00000000 ffffffff 00c09b00 DPL=0 CS32 [-RA]
SS =0010 00000000 ffffffff 00c09300 DPL=0 DS   [-WA]
DS =0010 00000000 ffffffff 00c09300 DPL=0 DS   [-WA]
FS =0010 00000000 ffffffff 00c09300 DPL=0 DS   [-WA]
GS =0010 00000000 ffffffff 00c09300 DPL=0 DS   [-WA]
LDT=0000 00000000 0000ffff 00008200 DPL=0 LDT
TR =0000 00000000 0000ffff 00008b00 DPL=0 TSS32-busy
GDT=     000f6180 00000037
IDT=     000f61be 00000000
CR0=00000011 CR2=00000000 CR3=00000000 CR4=00000000
DR0=0000000000000000 DR1=0000000000000000 DR2=0000000000000000 DR3=0000000000000000 
DR6=00000000ffff0ff0 DR7=0000000000000400
CCS=00000010 CCD=00006c64 CCO=EFLAGS
EFER=0000000000000000
SMM: after RSM
EAX=000000b5 EBX=00007b79 ECX=00005678 EDX=1efe8d90
ESI=000e8a40 EDI=1effec94 EBP=00006c78 ESP=00006c78
EIP=00007b79 EFL=00000006 [-----P-] CPL=0 II=0 A20=1 SMM=0 HLT=0
ES =d980 000d9800 ffffffff 00809300
CS =f000 000f0000 ffffffff 00809b00
SS =0000 00000000 ffffffff 00809300
DS =0000 00000000 ffffffff 00809300
FS =0000 00000000 ffffffff 00809300
GS =0000 00000000 ffffffff 00809300
LDT=0000 00000000 0000ffff 00008200
TR =0000 00000000 0000ffff 00008b00
GDT=     00000000 00000000
IDT=     00000000 000003ff
CR0=00000010 CR2=00000000 CR3=00000000 CR4=00000000
DR0=0000000000000000 DR1=0000000000000000 DR2=0000000000000000 DR3=0000000000000000 
DR6=00000000ffff0ff0 DR7=0000000000000400
CCS=00000004 CCD=00000001 CCO=EFLAGS
EFER=0000000000000000
Servicing hardware INT=0x08
SMM: enter
EAX=000000b5 EBX=000f7b5f ECX=00001234 EDX=000069ff
ESI=0000699a EDI=1effec94 EBP=0000695a ESP=0000695a
EIP=00007b5e EFL=00000006 [-----P-] CPL=0 II=0 A20=1 SMM=0 HLT=0
ES =d980 000d9800 ffffffff 008f9300
CS =f000 000f0000 ffffffff 008f9b00
SS =0000 00000000 ffffffff 008f9300
DS =0000 00000000 ffffffff 008f9300
FS =0000 00000000 ffffffff 008f9300
GS =ca00 000ca000 ffffffff 008f9300
LDT=0000 00000000 0000ffff 00008200
TR =0000 00000000 0000ffff 00008b00
GDT=     00000000 00000000
IDT=     00000000 000003ff
CR0=00000010 CR2=00000000 CR3=00000000 CR4=00000000
DR0=0000000000000000 DR1=0000000000000000 DR2=0000000000000000 DR3=0000000000000000 
DR6=00000000ffff0ff0 DR7=0000000000000400
CCS=00000004 CCD=0000695a CCO=EFLAGS
EFER=0000000000000000
SMM: after RSM
EAX=000000b5 EBX=000f7b5f ECX=00001234 EDX=000069ff
ESI=0000699a EDI=1effec94 EBP=0000695a ESP=0000695a
EIP=000f7b5f EFL=00000002 [-------] CPL=0 II=0 A20=1 SMM=0 HLT=0
ES =0010 00000000 ffffffff 00c09300 DPL=0 DS   [-WA]
CS =0008 00000000 ffffffff 00c09b00 DPL=0 CS32 [-RA]
SS =0010 00000000 ffffffff 00c09300 DPL=0 DS   [-WA]
DS =0010 00000000 ffffffff 00c09300 DPL=0 DS   [-WA]
FS =0010 00000000 ffffffff 00c09300 DPL=0 DS   [-WA]
GS =0010 00000000 ffffffff 00c09300 DPL=0 DS   [-WA]
LDT=0000 00000000 0000ffff 00008200 DPL=0 LDT
TR =0000 00000000 0000ffff 00008b00 DPL=0 TSS32-busy
GDT=     000f6180 00000037
IDT=     000f61be 00000000
CR0=00000011 CR2=00000000 CR3=00000000 CR4=00000000
DR0=0000000000000000 DR1=0000000000000000 DR2=0000000000000000 DR3=0000000000000000 
DR6=00000000ffff0ff0 DR7=0000000000000400
CCS=00000000 CCD=00000000 CCO=EFLAGS
EFER=0000000000000000
SMM: enter
EAX=000000b5 EBX=00007b79 ECX=00005678 EDX=00000005
ESI=00000000 EDI=1effec94 EBP=0000695a ESP=0000695a
EIP=000f7b78 EFL=00000012 [----A--] CPL=0 II=0 A20=1 SMM=0 HLT=0
ES =0010 00000000 ffffffff 00c09300 DPL=0 DS   [-WA]
CS =0008 00000000 ffffffff 00c09b00 DPL=0 CS32 [-RA]
SS =0010 00000000 ffffffff 00c09300 DPL=0 DS   [-WA]
DS =0010 00000000 ffffffff 00c09300 DPL=0 DS   [-WA]
FS =0010 00000000 ffffffff 00c09300 DPL=0 DS   [-WA]
GS =0010 00000000 ffffffff 00c09300 DPL=0 DS   [-WA]
LDT=0000 00000000 0000ffff 00008200 DPL=0 LDT
TR =0000 00000000 0000ffff 00008b00 DPL=0 TSS32-busy
GDT=     000f6180 00000037
IDT=     000f61be 00000000
CR0=00000011 CR2=00000000 CR3=00000000 CR4=00000000
DR0=0000000000000000 DR1=0000000000000000 DR2=0000000000000000 DR3=0000000000000000 
DR6=00000000ffff0ff0 DR7=0000000000000400
CCS=00000010 CCD=00006946 CCO=EFLAGS
EFER=0000000000000000
SMM: after RSM
EAX=000000b5 EBX=00007b79 ECX=00005678 EDX=00000005
ESI=00000000 EDI=1effec94 EBP=0000695a ESP=0000695a
EIP=00007b79 EFL=00000006 [-----P-] CPL=0 II=0 A20=1 SMM=0 HLT=0
ES =d980 000d9800 ffffffff 00809300
CS =f000 000f0000 ffffffff 00809b00
SS =0000 00000000 ffffffff 00809300
DS =0000 00000000 ffffffff 00809300
FS =0000 00000000 ffffffff 00809300
GS =ca00 000ca000 ffffffff 00809300
LDT=0000 00000000 0000ffff 00008200
TR =0000 00000000 0000ffff 00008b00
GDT=     00000000 00000000
IDT=     00000000 000003ff
CR0=00000010 CR2=00000000 CR3=00000000 CR4=00000000
DR0=0000000000000000 DR1=0000000000000000 DR2=0000000000000000 DR3=0000000000000000 
DR6=00000000ffff0ff0 DR7=0000000000000400
CCS=00000004 CCD=00000001 CCO=EFLAGS
EFER=0000000000000000
SMM: enter
EAX=000000b5 EBX=000f7b5f ECX=00001234 EDX=000069ff
ESI=00006994 EDI=1effec94 EBP=00006954 ESP=00006954
EIP=00007b5e EFL=00000002 [-------] CPL=0 II=0 A20=1 SMM=0 HLT=0
ES =d980 000d9800 ffffffff 00809300
CS =f000 000f0000 ffffffff 00809b00
SS =0000 00000000 ffffffff 00809300
DS =0000 00000000 ffffffff 00809300
FS =0000 00000000 ffffffff 00809300
GS =ca00 000ca000 ffffffff 00809300
LDT=0000 00000000 0000ffff 00008200
TR =0000 00000000 0000ffff 00008b00
GDT=     00000000 00000000
IDT=     00000000 000003ff
CR0=00000010 CR2=00000000 CR3=00000000 CR4=00000000
DR0=0000000000000000 DR1=0000000000000000 DR2=0000000000000000 DR3=0000000000000000 
DR6=00000000ffff0ff0 DR7=0000000000000400
CCS=00000000 CCD=00006954 CCO=EFLAGS
EFER=0000000000000000
SMM: after RSM
EAX=000000b5 EBX=000f7b5f ECX=00001234 EDX=000069ff
ESI=00006994 EDI=1effec94 EBP=00006954 ESP=00006954
EIP=000f7b5f EFL=00000002 [-------] CPL=0 II=0 A20=1 SMM=0 HLT=0
ES =0010 00000000 ffffffff 00c09300 DPL=0 DS   [-WA]
CS =0008 00000000 ffffffff 00c09b00 DPL=0 CS32 [-RA]
SS =0010 00000000 ffffffff 00c09300 DPL=0 DS   [-WA]
DS =0010 00000000 ffffffff 00c09300 DPL=0 DS   [-WA]
FS =0010 00000000 ffffffff 00c09300 DPL=0 DS   [-WA]
GS =0010 00000000 ffffffff 00c09300 DPL=0 DS   [-WA]
LDT=0000 00000000 0000ffff 00008200 DPL=0 LDT
TR =0000 00000000 0000ffff 00008b00 DPL=0 TSS32-busy
GDT=     000f6180 00000037
IDT=     000f61be 00000000
CR0=00000011 CR2=00000000 CR3=00000000 CR4=00000000
DR0=0000000000000000 DR1=0000000000000000 DR2=0000000000000000 DR3=0000000000000000 
DR6=00000000ffff0ff0 DR7=0000000000000400
CCS=00000000 CCD=00000000 CCO=EFLAGS
EFER=0000000000000000
SMM: enter
EAX=000000b5 EBX=00007b79 ECX=00005678 EDX=00000003
ESI=1efcf160 EDI=1effec94 EBP=00006954 ESP=00006954
EIP=000f7b78 EFL=00000012 [----A--] CPL=0 II=0 A20=1 SMM=0 HLT=0
ES =0010 00000000 ffffffff 00c09300 DPL=0 DS   [-WA]
CS =0008 00000000 ffffffff 00c09b00 DPL=0 CS32 [-RA]
SS =0010 00000000 ffffffff 00c09300 DPL=0 DS   [-WA]
DS =0010 00000000 ffffffff 00c09300 DPL=0 DS   [-WA]
FS =0010 00000000 ffffffff 00c09300 DPL=0 DS   [-WA]
GS =0010 00000000 ffffffff 00c09300 DPL=0 DS   [-WA]
LDT=0000 00000000 0000ffff 00008200 DPL=0 LDT
TR =0000 00000000 0000ffff 00008b00 DPL=0 TSS32-busy
GDT=     000f6180 00000037
IDT=     000f61be 00000000
CR0=00000011 CR2=00000000 CR3=00000000 CR4=00000000
DR0=0000000000000000 DR1=0000000000000000 DR2=0000000000000000 DR3=0000000000000000 
DR6=00000000ffff0ff0 DR7=0000000000000400
CCS=00000010 CCD=00006940 CCO=EFLAGS
EFER=0000000000000000
SMM: after RSM
EAX=000000b5 EBX=00007b79 ECX=00005678 EDX=00000003
ESI=1efcf160 EDI=1effec94 EBP=00006954 ESP=00006954
EIP=00007b79 EFL=00000002 [-------] CPL=0 II=0 A20=1 SMM=0 HLT=0
ES =d980 000d9800 ffffffff 00809300
CS =f000 000f0000 ffffffff 00809b00
SS =0000 00000000 ffffffff 00809300
DS =0000 00000000 ffffffff 00809300
FS =0000 00000000 ffffffff 00809300
GS =ca00 000ca000 ffffffff 00809300
LDT=0000 00000000 0000ffff 00008200
TR =0000 00000000 0000ffff 00008b00
GDT=     00000000 00000000
IDT=     00000000 000003ff
CR0=00000010 CR2=00000000 CR3=00000000 CR4=00000000
DR0=0000000000000000 DR1=0000000000000000 DR2=0000000000000000 DR3=0000000000000000 
DR6=00000000ffff0ff0 DR7=0000000000000400
CCS=00000000 CCD=00000001 CCO=EFLAGS
EFER=0000000000000000
SMM: enter
EAX=000000b5 EBX=000f7b5f ECX=00001234 EDX=000069ff
ESI=0000699a EDI=1effec94 EBP=0000695a ESP=0000695a
EIP=00007b5e EFL=00000006 [-----P-] CPL=0 II=0 A20=1 SMM=0 HLT=0
ES =d980 000d9800 ffffffff 00809300
CS =f000 000f0000 ffffffff 00809b00
SS =0000 00000000 ffffffff 00809300
DS =0000 00000000 ffffffff 00809300
FS =0000 00000000 ffffffff 00809300
GS =ca00 000ca000 ffffffff 00809300
LDT=0000 00000000 0000ffff 00008200
TR =0000 00000000 0000ffff 00008b00
GDT=     00000000 00000000
IDT=     00000000 000003ff
CR0=00000010 CR2=00000000 CR3=00000000 CR4=00000000
DR0=0000000000000000 DR1=0000000000000000 DR2=0000000000000000 DR3=0000000000000000 
DR6=00000000ffff0ff0 DR7=0000000000000400
CCS=00000004 CCD=0000695a CCO=EFLAGS
EFER=0000000000000000
SMM: after RSM
EAX=000000b5 EBX=000f7b5f ECX=00001234 EDX=000069ff
ESI=0000699a EDI=1effec94 EBP=0000695a ESP=0000695a
EIP=000f7b5f EFL=00000002 [-------] CPL=0 II=0 A20=1 SMM=0 HLT=0
ES =0010 00000000 ffffffff 00c09300 DPL=0 DS   [-WA]
CS =0008 00000000 ffffffff 00c09b00 DPL=0 CS32 [-RA]
SS =0010 00000000 ffffffff 00c09300 DPL=0 DS   [-WA]
DS =0010 00000000 ffffffff 00c09300 DPL=0 DS   [-WA]
FS =0010 00000000 ffffffff 00c09300 DPL=0 DS   [-WA]
GS =0010 00000000 ffffffff 00c09300 DPL=0 DS   [-WA]
LDT=0000 00000000 0000ffff 00008200 DPL=0 LDT
TR =0000 00000000 0000ffff 00008b00 DPL=0 TSS32-busy
GDT=     000f6180 00000037
IDT=     000f61be 00000000
CR0=00000011 CR2=00000000 CR3=00000000 CR4=00000000
DR0=0000000000000000 DR1=0000000000000000 DR2=0000000000000000 DR3=0000000000000000 
DR6=00000000ffff0ff0 DR7=0000000000000400
CCS=00000000 CCD=00000000 CCO=EFLAGS
EFER=0000000000000000
SMM: enter
EAX=000000b5 EBX=00007b79 ECX=00005678 EDX=00000005
ESI=00000000 EDI=1effec94 EBP=0000695a ESP=0000695a
EIP=000f7b78 EFL=00000012 [----A--] CPL=0 II=0 A20=1 SMM=0 HLT=0
ES =0010 00000000 ffffffff 00c09300 DPL=0 DS   [-WA]
CS =0008 00000000 ffffffff 00c09b00 DPL=0 CS32 [-RA]
SS =0010 00000000 ffffffff 00c09300 DPL=0 DS   [-WA]
DS =0010 00000000 ffffffff 00c09300 DPL=0 DS   [-WA]
FS =0010 00000000 ffffffff 00c09300 DPL=0 DS   [-WA]
GS =0010 00000000 ffffffff 00c09300 DPL=0 DS   [-WA]
LDT=0000 00000000 0000ffff 00008200 DPL=0 LDT
TR =0000 00000000 0000ffff 00008b00 DPL=0 TSS32-busy
GDT=     000f6180 00000037
IDT=     000f61be 00000000
CR0=00000011 CR2=00000000 CR3=00000000 CR4=00000000
DR0=0000000000000000 DR1=0000000000000000 DR2=0000000000000000 DR3=0000000000000000 
DR6=00000000ffff0ff0 DR7=0000000000000400
CCS=00000010 CCD=00006946 CCO=EFLAGS
EFER=0000000000000000
SMM: after RSM
EAX=000000b5 EBX=00007b79 ECX=00005678 EDX=00000005
ESI=00000000 EDI=1effec94 EBP=0000695a ESP=0000695a
EIP=00007b79 EFL=00000006 [-----P-] CPL=0 II=0 A20=1 SMM=0 HLT=0
ES =d980 000d9800 ffffffff 00809300
CS =f000 000f0000 ffffffff 00809b00
SS =0000 00000000 ffffffff 00809300
DS =0000 00000000 ffffffff 00809300
FS =0000 00000000 ffffffff 00809300
GS =ca00 000ca000 ffffffff 00809300
LDT=0000 00000000 0000ffff 00008200
TR =0000 00000000 0000ffff 00008b00
GDT=     00000000 00000000
IDT=     00000000 000003ff
CR0=00000010 CR2=00000000 CR3=00000000 CR4=00000000
DR0=0000000000000000 DR1=0000000000000000 DR2=0000000000000000 DR3=0000000000000000 
DR6=00000000ffff0ff0 DR7=0000000000000400
CCS=00000004 CCD=00000001 CCO=EFLAGS
EFER=0000000000000000
SMM: enter
EAX=000000b5 EBX=000f7b5f ECX=00001234 EDX=000069ff
ESI=00006994 EDI=1effec94 EBP=00006954 ESP=00006954
EIP=00007b5e EFL=00000002 [-------] CPL=0 II=0 A20=1 SMM=0 HLT=0
ES =d980 000d9800 ffffffff 00809300
CS =f000 000f0000 ffffffff 00809b00
SS =0000 00000000 ffffffff 00809300
DS =0000 00000000 ffffffff 00809300
FS =0000 00000000 ffffffff 00809300
GS =ca00 000ca000 ffffffff 00809300
LDT=0000 00000000 0000ffff 00008200
TR =0000 00000000 0000ffff 00008b00
GDT=     00000000 00000000
IDT=     00000000 000003ff
CR0=00000010 CR2=00000000 CR3=00000000 CR4=00000000
DR0=0000000000000000 DR1=0000000000000000 DR2=0000000000000000 DR3=0000000000000000 
DR6=00000000ffff0ff0 DR7=0000000000000400
CCS=00000000 CCD=00006954 CCO=EFLAGS
EFER=0000000000000000
SMM: after RSM
EAX=000000b5 EBX=000f7b5f ECX=00001234 EDX=000069ff
ESI=00006994 EDI=1effec94 EBP=00006954 ESP=00006954
EIP=000f7b5f EFL=00000002 [-------] CPL=0 II=0 A20=1 SMM=0 HLT=0
ES =0010 00000000 ffffffff 00c09300 DPL=0 DS   [-WA]
CS =0008 00000000 ffffffff 00c09b00 DPL=0 CS32 [-RA]
SS =0010 00000000 ffffffff 00c09300 DPL=0 DS   [-WA]
DS =0010 00000000 ffffffff 00c09300 DPL=0 DS   [-WA]
FS =0010 00000000 ffffffff 00c09300 DPL=0 DS   [-WA]
GS =0010 00000000 ffffffff 00c09300 DPL=0 DS   [-WA]
LDT=0000 00000000 0000ffff 00008200 DPL=0 LDT
TR =0000 00000000 0000ffff 00008b00 DPL=0 TSS32-busy
GDT=     000f6180 00000037
IDT=     000f61be 00000000
CR0=00000011 CR2=00000000 CR3=00000000 CR4=00000000
DR0=0000000000000000 DR1=0000000000000000 DR2=0000000000000000 DR3=0000000000000000 
DR6=00000000ffff0ff0 DR7=0000000000000400
CCS=00000000 CCD=00000000 CCO=EFLAGS
EFER=0000000000000000
SMM: enter
EAX=000000b5 EBX=00007b79 ECX=00005678 EDX=00000003
ESI=1ef0f160 EDI=1effec94 EBP=00006954 ESP=00006954
EIP=000f7b78 EFL=00000012 [----A--] CPL=0 II=0 A20=1 SMM=0 HLT=0
ES =0010 00000000 ffffffff 00c09300 DPL=0 DS   [-WA]
CS =0008 00000000 ffffffff 00c09b00 DPL=0 CS32 [-RA]
SS =0010 00000000 ffffffff 00c09300 DPL=0 DS   [-WA]
DS =0010 00000000 ffffffff 00c09300 DPL=0 DS   [-WA]
FS =0010 00000000 ffffffff 00c09300 DPL=0 DS   [-WA]
GS =0010 00000000 ffffffff 00c09300 DPL=0 DS   [-WA]
LDT=0000 00000000 0000ffff 00008200 DPL=0 LDT
TR =0000 00000000 0000ffff 00008b00 DPL=0 TSS32-busy
GDT=     000f6180 00000037
IDT=     000f61be 00000000
CR0=00000011 CR2=00000000 CR3=00000000 CR4=00000000
DR0=0000000000000000 DR1=0000000000000000 DR2=0000000000000000 DR3=0000000000000000 
DR6=00000000ffff0ff0 DR7=0000000000000400
CCS=00000010 CCD=00006940 CCO=EFLAGS
EFER=0000000000000000
SMM: after RSM
EAX=000000b5 EBX=00007b79 ECX=00005678 EDX=00000003
ESI=1ef0f160 EDI=1effec94 EBP=00006954 ESP=00006954
EIP=00007b79 EFL=00000002 [-------] CPL=0 II=0 A20=1 SMM=0 HLT=0
ES =d980 000d9800 ffffffff 00809300
CS =f000 000f0000 ffffffff 00809b00
SS =0000 00000000 ffffffff 00809300
DS =0000 00000000 ffffffff 00809300
FS =0000 00000000 ffffffff 00809300
GS =ca00 000ca000 ffffffff 00809300
LDT=0000 00000000 0000ffff 00008200
TR =0000 00000000 0000ffff 00008b00
GDT=     00000000 00000000
IDT=     00000000 000003ff
CR0=00000010 CR2=00000000 CR3=00000000 CR4=00000000
DR0=0000000000000000 DR1=0000000000000000 DR2=0000000000000000 DR3=0000000000000000 
DR6=00000000ffff0ff0 DR7=0000000000000400
CCS=00000000 CCD=00000001 CCO=EFLAGS
EFER=0000000000000000
Servicing hardware INT=0x08
Servicing hardware INT=0x08
Servicing hardware INT=0x08
Servicing hardware INT=0x08
Servicing hardware INT=0x28
     0: v=28 e=0000 i=0 cpl=0 IP=0008:0000000000008c9e pc=0000000000008c9e SP=0000:0000000000007ff8 env->regs[R_EAX]=000000000000000a
RAX=000000000000000a RBX=0000000000000000 RCX=0000000000000000 RDX=0000000000000000
RSI=0000000000005101 RDI=0000000000005101 RBP=0000000000000000 RSP=0000000000007ff8
R8 =0000000000000000 R9 =0000000000000000 R10=0000000000000000 R11=0000000000000000
R12=0000000000000000 R13=0000000000000000 R14=0000000000000000 R15=0000000000000000
RIP=0000000000008c9e RFL=00000206 [-----P-] CPL=0 II=0 A20=1 SMM=0 HLT=0
ES =0000 0000000000000000 00000000 00000000
CS =0008 0000000000000000 00000000 00209800 DPL=0 CS64 [---]
SS =0000 0000000000000000 00000000 00000000
DS =0000 0000000000000000 00000000 00000000
FS =0000 0000000000000000 00000000 00000000
GS =0000 0000000000000000 00000000 00000000
LDT=0000 0000000000000000 0000ffff 00008200 DPL=0 LDT
TR =0000 0000000000000000 0000ffff 00008b00 DPL=0 TSS64-busy
GDT=     0000000000001000 00000017
IDT=     0000000000000000 00000fff
CR0=80000013 CR2=0000000000000000 CR3=0000000000002008 CR4=00000630
DR0=0000000000000000 DR1=0000000000000000 DR2=0000000000000000 DR3=0000000000000000 
DR6=00000000ffff0ff0 DR7=0000000000000400
CCS=0000000000000000 CCD=000000000000000a CCO=SUBQ
EFER=0000000000000501
Servicing hardware INT=0x28
     1: v=28 e=0000 i=0 cpl=0 IP=0008:0000000000008c9e pc=0000000000008c9e SP=0000:0000000000007ff8 env->regs[R_EAX]=000000000000000a
RAX=000000000000000a RBX=0000000000000001 RCX=0000000000000000 RDX=0000000000000000
RSI=0000000000005101 RDI=0000000000005101 RBP=0000000000000000 RSP=0000000000007ff8
R8 =0000000000000000 R9 =0000000000000000 R10=0000000000000000 R11=0000000000000000
R12=0000000000000000 R13=0000000000000000 R14=0000000000000000 R15=0000000000000000
RIP=0000000000008c9e RFL=00000206 [-----P-] CPL=0 II=0 A20=1 SMM=0 HLT=0
ES =0000 0000000000000000 00000000 00000000
CS =0008 0000000000000000 00000000 00209800 DPL=0 CS64 [---]
SS =0000 0000000000000000 ffffffff 00c09300 DPL=0 DS   [-WA]
DS =0000 0000000000000000 00000000 00000000
FS =0000 0000000000000000 00000000 00000000
GS =0000 0000000000000000 00000000 00000000
LDT=0000 0000000000000000 0000ffff 00008200 DPL=0 LDT
TR =0000 0000000000000000 0000ffff 00008b00 DPL=0 TSS64-busy
GDT=     0000000000001000 00000017
IDT=     0000000000000000 00000fff
CR0=80000013 CR2=0000000000000000 CR3=0000000000002008 CR4=00000630
DR0=0000000000000000 DR1=0000000000000000 DR2=0000000000000000 DR3=0000000000000000 
DR6=00000000ffff0ff0 DR7=0000000000000400
CCS=0000000000000001 CCD=0000000000000009 CCO=SUBQ
EFER=0000000000000501
Servicing hardware INT=0x28
     2: v=28 e=0000 i=0 cpl=0 IP=0008:0000000000008c9e pc=0000000000008c9e SP=0000:0000000000007ff8 env->regs[R_EAX]=000000000000000a
RAX=000000000000000a RBX=0000000000000002 RCX=0000000000000000 RDX=0000000000000000
RSI=0000000000005101 RDI=0000000000005101 RBP=0000000000000000 RSP=0000000000007ff8
R8 =0000000000000000 R9 =0000000000000000 R10=0000000000000000 R11=0000000000000000
R12=0000000000000000 R13=0000000000000000 R14=0000000000000000 R15=0000000000000000
RIP=0000000000008c9e RFL=00000202 [-------] CPL=0 II=0 A20=1 SMM=0 HLT=0
ES =0000 0000000000000000 00000000 00000000
CS =0008 0000000000000000 00000000 00209800 DPL=0 CS64 [---]
SS =0000 0000000000000000 ffffffff 00c09300 DPL=0 DS   [-WA]
DS =0000 0000000000000000 00000000 00000000
FS =0000 0000000000000000 00000000 00000000
GS =0000 0000000000000000 00000000 00000000
LDT=0000 0000000000000000 0000ffff 00008200 DPL=0 LDT
TR =0000 0000000000000000 0000ffff 00008b00 DPL=0 TSS64-busy
GDT=     0000000000001000 00000017
IDT=     0000000000000000 00000fff
CR0=80000013 CR2=0000000000000000 CR3=0000000000002008 CR4=00000630
DR0=0000000000000000 DR1=0000000000000000 DR2=0000000000000000 DR3=0000000000000000 
DR6=00000000ffff0ff0 DR7=0000000000000400
CCS=0000000000000002 CCD=0000000000000008 CCO=SUBQ
EFER=0000000000000501
Servicing hardware INT=0x28
     3: v=28 e=0000 i=0 cpl=0 IP=0008:0000000000008c9e pc=0000000000008c9e SP=0000:0000000000007ff8 env->regs[R_EAX]=000000000000000a
RAX=000000000000000a RBX=0000000000000003 RCX=0000000000000000 RDX=0000000000000000
RSI=0000000000005101 RDI=0000000000005101 RBP=0000000000000000 RSP=0000000000007ff8
R8 =0000000000000000 R9 =0000000000000000 R10=0000000000000000 R11=0000000000000000
R12=0000000000000000 R13=0000000000000000 R14=0000000000000000 R15=0000000000000000
RIP=0000000000008c9e RFL=00000202 [-------] CPL=0 II=0 A20=1 SMM=0 HLT=0
ES =0000 0000000000000000 00000000 00000000
CS =0008 0000000000000000 00000000 00209800 DPL=0 CS64 [---]
SS =0000 0000000000000000 ffffffff 00c09300 DPL=0 DS   [-WA]
DS =0000 0000000000000000 00000000 00000000
FS =0000 0000000000000000 00000000 00000000
GS =0000 0000000000000000 00000000 00000000
LDT=0000 0000000000000000 0000ffff 00008200 DPL=0 LDT
TR =0000 0000000000000000 0000ffff 00008b00 DPL=0 TSS64-busy
GDT=     0000000000001000 00000017
IDT=     0000000000000000 00000fff
CR0=80000013 CR2=0000000000000000 CR3=0000000000002008 CR4=00000630
DR0=0000000000000000 DR1=0000000000000000 DR2=0000000000000000 DR3=0000000000000000 
DR6=00000000ffff0ff0 DR7=0000000000000400
CCS=0000000000000003 CCD=0000000000000007 CCO=SUBQ
EFER=0000000000000501
Servicing hardware INT=0x28
     4: v=28 e=0000 i=0 cpl=0 IP=0008:0000000000008c9e pc=0000000000008c9e SP=0000:0000000000007ff8 env->regs[R_EAX]=000000000000000a
RAX=000000000000000a RBX=0000000000000004 RCX=0000000000000000 RDX=0000000000000000
RSI=0000000000005101 RDI=0000000000005101 RBP=0000000000000000 RSP=0000000000007ff8
R8 =0000000000000000 R9 =0000000000000000 R10=0000000000000000 R11=0000000000000000
R12=0000000000000000 R13=0000000000000000 R14=0000000000000000 R15=0000000000000000
RIP=0000000000008c9e RFL=00000206 [-----P-] CPL=0 II=0 A20=1 SMM=0 HLT=0
ES =0000 0000000000000000 00000000 00000000
CS =0008 0000000000000000 00000000 00209800 DPL=0 CS64 [---]
SS =0000 0000000000000000 ffffffff 00c09300 DPL=0 DS   [-WA]
DS =0000 0000000000000000 00000000 00000000
FS =0000 0000000000000000 00000000 00000000
GS =0000 0000000000000000 00000000 00000000
LDT=0000 0000000000000000 0000ffff 00008200 DPL=0 LDT
TR =0000 0000000000000000 0000ffff 00008b00 DPL=0 TSS64-busy
GDT=     0000000000001000 00000017
IDT=     0000000000000000 00000fff
CR0=80000013 CR2=0000000000000000 CR3=0000000000002008 CR4=00000630
DR0=0000000000000000 DR1=0000000000000000 DR2=0000000000000000 DR3=0000000000000000 
DR6=00000000ffff0ff0 DR7=0000000000000400
CCS=0000000000000004 CCD=0000000000000006 CCO=SUBQ
EFER=0000000000000501
Servicing hardware INT=0x28
     5: v=28 e=0000 i=0 cpl=0 IP=0008:0000000000008c9e pc=0000000000008c9e SP=0000:0000000000007ff8 env->regs[R_EAX]=000000000000000a
RAX=000000000000000a RBX=0000000000000005 RCX=0000000000000000 RDX=0000000000000000
RSI=0000000000005101 RDI=0000000000005101 RBP=0000000000000000 RSP=0000000000007ff8
R8 =0000000000000000 R9 =0000000000000000 R10=0000000000000000 R11=0000000000000000
R12=0000000000000000 R13=0000000000000000 R14=0000000000000000 R15=0000000000000000
RIP=0000000000008c9e RFL=00000206 [-----P-] CPL=0 II=0 A20=1 SMM=0 HLT=0
ES =0000 0000000000000000 00000000 00000000
CS =0008 0000000000000000 00000000 00209800 DPL=0 CS64 [---]
SS =0000 0000000000000000 ffffffff 00c09300 DPL=0 DS   [-WA]
DS =0000 0000000000000000 00000000 00000000
FS =0000 0000000000000000 00000000 00000000
GS =0000 0000000000000000 00000000 00000000
LDT=0000 0000000000000000 0000ffff 00008200 DPL=0 LDT
TR =0000 0000000000000000 0000ffff 00008b00 DPL=0 TSS64-busy
GDT=     0000000000001000 00000017
IDT=     0000000000000000 00000fff
CR0=80000013 CR2=0000000000000000 CR3=0000000000002008 CR4=00000630
DR0=0000000000000000 DR1=0000000000000000 DR2=0000000000000000 DR3=0000000000000000 
DR6=00000000ffff0ff0 DR7=0000000000000400
CCS=0000000000000005 CCD=0000000000000005 CCO=SUBQ
EFER=0000000000000501
Servicing hardware INT=0x28
     6: v=28 e=0000 i=0 cpl=0 IP=0008:0000000000008c9e pc=0000000000008c9e SP=0000:0000000000007ff8 env->regs[R_EAX]=000000000000000a
RAX=000000000000000a RBX=0000000000000006 RCX=0000000000000000 RDX=0000000000000000
RSI=0000000000005101 RDI=0000000000005101 RBP=0000000000000000 RSP=0000000000007ff8
R8 =0000000000000000 R9 =0000000000000000 R10=0000000000000000 R11=0000000000000000
R12=0000000000000000 R13=0000000000000000 R14=0000000000000000 R15=0000000000000000
RIP=0000000000008c9e RFL=00000202 [-------] CPL=0 II=0 A20=1 SMM=0 HLT=0
ES =0000 0000000000000000 00000000 00000000
CS =0008 0000000000000000 00000000 00209800 DPL=0 CS64 [---]
SS =0000 0000000000000000 ffffffff 00c09300 DPL=0 DS   [-WA]
DS =0000 0000000000000000 00000000 00000000
FS =0000 0000000000000000 00000000 00000000
GS =0000 0000000000000000 00000000 00000000
LDT=0000 0000000000000000 0000ffff 00008200 DPL=0 LDT
TR =0000 0000000000000000 0000ffff 00008b00 DPL=0 TSS64-busy
GDT=     0000000000001000 00000017
IDT=     0000000000000000 00000fff
CR0=80000013 CR2=0000000000000000 CR3=0000000000002008 CR4=00000630
DR0=0000000000000000 DR1=0000000000000000 DR2=0000000000000000 DR3=0000000000000000 
DR6=00000000ffff0ff0 DR7=0000000000000400
CCS=0000000000000006 CCD=0000000000000004 CCO=SUBQ
EFER=0000000000000501
Servicing hardware INT=0x28
     7: v=28 e=0000 i=0 cpl=0 IP=0008:0000000000008c9e pc=0000000000008c9e SP=0000:0000000000007ff8 env->regs[R_EAX]=000000000000000a
RAX=000000000000000a RBX=0000000000000007 RCX=0000000000000000 RDX=0000000000000000
RSI=0000000000005101 RDI=0000000000005101 RBP=0000000000000000 RSP=0000000000007ff8
R8 =0000000000000000 R9 =0000000000000000 R10=0000000000000000 R11=0000000000000000
R12=0000000000000000 R13=0000000000000000 R14=0000000000000000 R15=0000000000000000
RIP=0000000000008c9e RFL=00000206 [-----P-] CPL=0 II=0 A20=1 SMM=0 HLT=0
ES =0000 0000000000000000 00000000 00000000
CS =0008 0000000000000000 00000000 00209800 DPL=0 CS64 [---]
SS =0000 0000000000000000 ffffffff 00c09300 DPL=0 DS   [-WA]
DS =0000 0000000000000000 00000000 00000000
FS =0000 0000000000000000 00000000 00000000
GS =0000 0000000000000000 00000000 00000000
LDT=0000 0000000000000000 0000ffff 00008200 DPL=0 LDT
TR =0000 0000000000000000 0000ffff 00008b00 DPL=0 TSS64-busy
GDT=     0000000000001000 00000017
IDT=     0000000000000000 00000fff
CR0=80000013 CR2=0000000000000000 CR3=0000000000002008 CR4=00000630
DR0=0000000000000000 DR1=0000000000000000 DR2=0000000000000000 DR3=0000000000000000 
DR6=00000000ffff0ff0 DR7=0000000000000400
CCS=0000000000000007 CCD=0000000000000003 CCO=SUBQ
EFER=0000000000000501
Servicing hardware INT=0x28
     8: v=28 e=0000 i=0 cpl=0 IP=0008:0000000000008c9e pc=0000000000008c9e SP=0000:0000000000007ff8 env->regs[R_EAX]=000000000000000a
RAX=000000000000000a RBX=0000000000000008 RCX=0000000000000000 RDX=0000000000000000
RSI=0000000000005101 RDI=0000000000005101 RBP=0000000000000000 RSP=0000000000007ff8
R8 =0000000000000000 R9 =0000000000000000 R10=0000000000000000 R11=0000000000000000
R12=0000000000000000 R13=0000000000000000 R14=0000000000000000 R15=0000000000000000
RIP=0000000000008c9e RFL=00000202 [-------] CPL=0 II=0 A20=1 SMM=0 HLT=0
ES =0000 0000000000000000 00000000 00000000
CS =0008 0000000000000000 00000000 00209800 DPL=0 CS64 [---]
SS =0000 0000000000000000 ffffffff 00c09300 DPL=0 DS   [-WA]
DS =0000 0000000000000000 00000000 00000000
FS =0000 0000000000000000 00000000 00000000
GS =0000 0000000000000000 00000000 00000000
LDT=0000 0000000000000000 0000ffff 00008200 DPL=0 LDT
TR =0000 0000000000000000 0000ffff 00008b00 DPL=0 TSS64-busy
GDT=     0000000000001000 00000017
IDT=     0000000000000000 00000fff
CR0=80000013 CR2=0000000000000000 CR3=0000000000002008 CR4=00000630
DR0=0000000000000000 DR1=0000000000000000 DR2=0000000000000000 DR3=0000000000000000 
DR6=00000000ffff0ff0 DR7=0000000000000400
CCS=0000000000000008 CCD=0000000000000002 CCO=SUBQ
EFER=0000000000000501
Servicing hardware INT=0x28
     9: v=28 e=0000 i=0 cpl=0 IP=0008:0000000000008c9e pc=0000000000008c9e SP=0000:0000000000007ff8 env->regs[R_EAX]=000000000000000a
RAX=000000000000000a RBX=0000000000000009 RCX=0000000000000000 RDX=0000000000000000
RSI=0000000000005101 RDI=0000000000005101 RBP=0000000000000000 RSP=0000000000007ff8
R8 =0000000000000000 R9 =0000000000000000 R10=0000000000000000 R11=0000000000000000
R12=0000000000000000 R13=0000000000000000 R14=0000000000000000 R15=0000000000000000
RIP=0000000000008c9e RFL=00000202 [-------] CPL=0 II=0 A20=1 SMM=0 HLT=0
ES =0000 0000000000000000 00000000 00000000
CS =0008 0000000000000000 00000000 00209800 DPL=0 CS64 [---]
SS =0000 0000000000000000 ffffffff 00c09300 DPL=0 DS   [-WA]
DS =0000 0000000000000000 00000000 00000000
FS =0000 0000000000000000 00000000 00000000
GS =0000 0000000000000000 00000000 00000000
LDT=0000 0000000000000000 0000ffff 00008200 DPL=0 LDT
TR =0000 0000000000000000 0000ffff 00008b00 DPL=0 TSS64-busy
GDT=     0000000000001000 00000017
IDT=     0000000000000000 00000fff
CR0=80000013 CR2=0000000000000000 CR3=0000000000002008 CR4=00000630
DR0=0000000000000000 DR1=0000000000000000 DR2=0000000000000000 DR3=0000000000000000 
DR6=00000000ffff0ff0 DR7=0000000000000400
CCS=0000000000000009 CCD=0000000000000001 CCO=SUBQ
EFER=0000000000000501
Servicing hardware INT=0x28
    10: v=28 e=0000 i=0 cpl=0 IP=0008:0000000000008d06 pc=0000000000008d06 SP=0000:0000000000007ff8 env->regs[R_EAX]=000000000000001e
RAX=000000000000001e RBX=000000000000000a RCX=0000000000000000 RDX=0000000000000000
RSI=0000000000005101 RDI=0000000000005101 RBP=0000000000000000 RSP=0000000000007ff8
R8 =0000000000000000 R9 =0000000000000000 R10=0000000000000000 R11=0000000000000000
R12=0000000000000000 R13=0000000000000000 R14=0000000000000000 R15=0000000000000000
RIP=0000000000008d06 RFL=00000206 [-----P-] CPL=0 II=0 A20=1 SMM=0 HLT=0
ES =0000 0000000000000000 00000000 00000000
CS =0008 0000000000000000 00000000 00209800 DPL=0 CS64 [---]
SS =0000 0000000000000000 ffffffff 00c09300 DPL=0 DS   [-WA]
DS =0000 0000000000000000 00000000 00000000
FS =0000 0000000000000000 00000000 00000000
GS =0000 0000000000000000 00000000 00000000
LDT=0000 0000000000000000 0000ffff 00008200 DPL=0 LDT
TR =0000 0000000000000000 0000ffff 00008b00 DPL=0 TSS64-busy
GDT=     0000000000001000 00000017
IDT=     0000000000000000 00000fff
CR0=80000013 CR2=0000000000000000 CR3=0000000000002008 CR4=00000630
DR0=0000000000000000 DR1=0000000000000000 DR2=0000000000000000 DR3=0000000000000000 
DR6=00000000ffff0ff0 DR7=0000000000000400
CCS=000000000000000a CCD=0000000000000014 CCO=SUBQ
EFER=0000000000000501
Servicing hardware INT=0x28
    11: v=28 e=0000 i=0 cpl=0 IP=0008:0000000000008d06 pc=0000000000008d06 SP=0000:0000000000007ff8 env->regs[R_EAX]=000000000000001e
RAX=000000000000001e RBX=000000000000000b RCX=0000000000000000 RDX=0000000000000000
RSI=0000000000005101 RDI=0000000000005101 RBP=0000000000000000 RSP=0000000000007ff8
R8 =0000000000000000 R9 =0000000000000000 R10=0000000000000000 R11=0000000000000000
R12=0000000000000000 R13=0000000000000000 R14=0000000000000000 R15=0000000000000000
RIP=0000000000008d06 RFL=00000202 [-------] CPL=0 II=0 A20=1 SMM=0 HLT=0
ES =0000 0000000000000000 00000000 00000000
CS =0008 0000000000000000 00000000 00209800 DPL=0 CS64 [---]
SS =0000 0000000000000000 ffffffff 00c09300 DPL=0 DS   [-WA]
DS =0000 0000000000000000 00000000 00000000
FS =0000 0000000000000000 00000000 00000000
GS =0000 0000000000000000 00000000 00000000
LDT=0000 0000000000000000 0000ffff 00008200 DPL=0 LDT
TR =0000 0000000000000000 0000ffff 00008b00 DPL=0 TSS64-busy
GDT=     0000000000001000 00000017
IDT=     0000000000000000 00000fff
CR0=80000013 CR2=0000000000000000 CR3=0000000000002008 CR4=00000630
DR0=0000000000000000 DR1=0000000000000000 DR2=0000000000000000 DR3=0000000000000000 
DR6=00000000ffff0ff0 DR7=0000000000000400
CCS=000000000000000b CCD=0000000000000013 CCO=SUBQ
EFER=0000000000000501
Servicing hardware INT=0x28
    12: v=28 e=0000 i=0 cpl=0 IP=0008:0000000000008d06 pc=0000000000008d06 SP=0000:0000000000007ff8 env->regs[R_EAX]=000000000000001e
RAX=000000000000001e RBX=000000000000000c RCX=0000000000000000 RDX=0000000000000000
RSI=0000000000005101 RDI=0000000000005101 RBP=0000000000000000 RSP=0000000000007ff8
R8 =0000000000000000 R9 =0000000000000000 R10=0000000000000000 R11=0000000000000000
R12=0000000000000000 R13=0000000000000000 R14=0000000000000000 R15=0000000000000000
RIP=0000000000008d06 RFL=00000206 [-----P-] CPL=0 II=0 A20=1 SMM=0 HLT=0
ES =0000 0000000000000000 00000000 00000000
CS =0008 0000000000000000 00000000 00209800 DPL=0 CS64 [---]
SS =0000 0000000000000000 ffffffff 00c09300 DPL=0 DS   [-WA]
DS =0000 0000000000000000 00000000 00000000
FS =0000 0000000000000000 00000000 00000000
GS =0000 0000000000000000 00000000 00000000
LDT=0000 0000000000000000 0000ffff 00008200 DPL=0 LDT
TR =0000 0000000000000000 0000ffff 00008b00 DPL=0 TSS64-busy
GDT=     0000000000001000 00000017
IDT=     0000000000000000 00000fff
CR0=80000013 CR2=0000000000000000 CR3=0000000000002008 CR4=00000630
DR0=0000000000000000 DR1=0000000000000000 DR2=0000000000000000 DR3=0000000000000000 
DR6=00000000ffff0ff0 DR7=0000000000000400
CCS=000000000000000c CCD=0000000000000012 CCO=SUBQ
EFER=0000000000000501
Servicing hardware INT=0x28
    13: v=28 e=0000 i=0 cpl=0 IP=0008:0000000000008d06 pc=0000000000008d06 SP=0000:0000000000007ff8 env->regs[R_EAX]=000000000000001e
RAX=000000000000001e RBX=000000000000000d RCX=0000000000000000 RDX=0000000000000000
RSI=0000000000005101 RDI=0000000000005101 RBP=0000000000000000 RSP=0000000000007ff8
R8 =0000000000000000 R9 =0000000000000000 R10=0000000000000000 R11=0000000000000000
R12=0000000000000000 R13=0000000000000000 R14=0000000000000000 R15=0000000000000000
RIP=0000000000008d06 RFL=00000206 [-----P-] CPL=0 II=0 A20=1 SMM=0 HLT=0
ES =0000 0000000000000000 00000000 00000000
CS =0008 0000000000000000 00000000 00209800 DPL=0 CS64 [---]
SS =0000 0000000000000000 ffffffff 00c09300 DPL=0 DS   [-WA]
DS =0000 0000000000000000 00000000 00000000
FS =0000 0000000000000000 00000000 00000000
GS =0000 0000000000000000 00000000 00000000
LDT=0000 0000000000000000 0000ffff 00008200 DPL=0 LDT
TR =0000 0000000000000000 0000ffff 00008b00 DPL=0 TSS64-busy
GDT=     0000000000001000 00000017
IDT=     0000000000000000 00000fff
CR0=80000013 CR2=0000000000000000 CR3=0000000000002008 CR4=00000630
DR0=0000000000000000 DR1=0000000000000000 DR2=0000000000000000 DR3=0000000000000000 
DR6=00000000ffff0ff0 DR7=0000000000000400
CCS=000000000000000d CCD=0000000000000011 CCO=SUBQ
EFER=0000000000000501
Servicing hardware INT=0x28
    14: v=28 e=0000 i=0 cpl=0 IP=0008:0000000000008d06 pc=0000000000008d06 SP=0000:0000000000007ff8 env->regs[R_EAX]=000000000000001e
RAX=000000000000001e RBX=000000000000000e RCX=0000000000000000 RDX=0000000000000000
RSI=0000000000005101 RDI=0000000000005101 RBP=0000000000000000 RSP=0000000000007ff8
R8 =0000000000000000 R9 =0000000000000000 R10=0000000000000000 R11=0000000000000000
R12=0000000000000000 R13=0000000000000000 R14=0000000000000000 R15=0000000000000000
RIP=0000000000008d06 RFL=00000202 [-------] CPL=0 II=0 A20=1 SMM=0 HLT=0
ES =0000 0000000000000000 00000000 00000000
CS =0008 0000000000000000 00000000 00209800 DPL=0 CS64 [---]
SS =0000 0000000000000000 ffffffff 00c09300 DPL=0 DS   [-WA]
DS =0000 0000000000000000 00000000 00000000
FS =0000 0000000000000000 00000000 00000000
GS =0000 0000000000000000 00000000 00000000
LDT=0000 0000000000000000 0000ffff 00008200 DPL=0 LDT
TR =0000 0000000000000000 0000ffff 00008b00 DPL=0 TSS64-busy
GDT=     0000000000001000 00000017
IDT=     0000000000000000 00000fff
CR0=80000013 CR2=0000000000000000 CR3=0000000000002008 CR4=00000630
DR0=0000000000000000 DR1=0000000000000000 DR2=0000000000000000 DR3=0000000000000000 
DR6=00000000ffff0ff0 DR7=0000000000000400
CCS=000000000000000e CCD=0000000000000010 CCO=SUBQ
EFER=0000000000000501
Servicing hardware INT=0x28
    15: v=28 e=0000 i=0 cpl=0 IP=0008:0000000000008d06 pc=0000000000008d06 SP=0000:0000000000007ff8 env->regs[R_EAX]=000000000000001e
RAX=000000000000001e RBX=000000000000000f RCX=0000000000000000 RDX=0000000000000000
RSI=0000000000005101 RDI=0000000000005101 RBP=0000000000000000 RSP=0000000000007ff8
R8 =0000000000000000 R9 =0000000000000000 R10=0000000000000000 R11=0000000000000000
R12=0000000000000000 R13=0000000000000000 R14=0000000000000000 R15=0000000000000000
RIP=0000000000008d06 RFL=00000216 [----AP-] CPL=0 II=0 A20=1 SMM=0 HLT=0
ES =0000 0000000000000000 00000000 00000000
CS =0008 0000000000000000 00000000 00209800 DPL=0 CS64 [---]
SS =0000 0000000000000000 ffffffff 00c09300 DPL=0 DS   [-WA]
DS =0000 0000000000000000 00000000 00000000
FS =0000 0000000000000000 00000000 00000000
GS =0000 0000000000000000 00000000 00000000
LDT=0000 0000000000000000 0000ffff 00008200 DPL=0 LDT
TR =0000 0000000000000000 0000ffff 00008b00 DPL=0 TSS64-busy
GDT=     0000000000001000 00000017
IDT=     0000000000000000 00000fff
CR0=80000013 CR2=0000000000000000 CR3=0000000000002008 CR4=00000630
DR0=0000000000000000 DR1=0000000000000000 DR2=0000000000000000 DR3=0000000000000000 
DR6=00000000ffff0ff0 DR7=0000000000000400
CCS=000000000000000f CCD=000000000000000f CCO=SUBQ
EFER=0000000000000501
Servicing hardware INT=0x28
    16: v=28 e=0000 i=0 cpl=0 IP=0008:0000000000008d06 pc=0000000000008d06 SP=0000:0000000000007ff8 env->regs[R_EAX]=000000000000001e
RAX=000000000000001e RBX=0000000000000010 RCX=0000000000000000 RDX=0000000000000000
RSI=0000000000005101 RDI=0000000000005101 RBP=0000000000000000 RSP=0000000000007ff8
R8 =0000000000000000 R9 =0000000000000000 R10=0000000000000000 R11=0000000000000000
R12=0000000000000000 R13=0000000000000000 R14=0000000000000000 R15=0000000000000000
RIP=0000000000008d06 RFL=00000202 [-------] CPL=0 II=0 A20=1 SMM=0 HLT=0
ES =0000 0000000000000000 00000000 00000000
CS =0008 0000000000000000 00000000 00209800 DPL=0 CS64 [---]
SS =0000 0000000000000000 ffffffff 00c09300 DPL=0 DS   [-WA]
DS =0000 0000000000000000 00000000 00000000
FS =0000 0000000000000000 00000000 00000000
GS =0000 0000000000000000 00000000 00000000
LDT=0000 0000000000000000 0000ffff 00008200 DPL=0 LDT
TR =0000 0000000000000000 0000ffff 00008b00 DPL=0 TSS64-busy
GDT=     0000000000001000 00000017
IDT=     0000000000000000 00000fff
CR0=80000013 CR2=0000000000000000 CR3=0000000000002008 CR4=00000630
DR0=0000000000000000 DR1=0000000000000000 DR2=0000000000000000 DR3=0000000000000000 
DR6=00000000ffff0ff0 DR7=0000000000000400
CCS=0000000000000010 CCD=000000000000000e CCO=SUBQ
EFER=0000000000000501
Servicing hardware INT=0x28
    17: v=28 e=0000 i=0 cpl=0 IP=0008:0000000000008d06 pc=0000000000008d06 SP=0000:0000000000007ff8 env->regs[R_EAX]=000000000000001e
RAX=000000000000001e RBX=0000000000000011 RCX=0000000000000000 RDX=0000000000000000
RSI=0000000000005101 RDI=0000000000005101 RBP=0000000000000000 RSP=0000000000007ff8
R8 =0000000000000000 R9 =0000000000000000 R10=0000000000000000 R11=0000000000000000
R12=0000000000000000 R13=0000000000000000 R14=0000000000000000 R15=0000000000000000
RIP=0000000000008d06 RFL=00000202 [-------] CPL=0 II=0 A20=1 SMM=0 HLT=0
ES =0000 0000000000000000 00000000 00000000
CS =0008 0000000000000000 00000000 00209800 DPL=0 CS64 [---]
SS =0000 0000000000000000 ffffffff 00c09300 DPL=0 DS   [-WA]
DS =0000 0000000000000000 00000000 00000000
FS =0000 0000000000000000 00000000 00000000
GS =0000 0000000000000000 00000000 00000000
LDT=0000 0000000000000000 0000ffff 00008200 DPL=0 LDT
TR =0000 0000000000000000 0000ffff 00008b00 DPL=0 TSS64-busy
GDT=     0000000000001000 00000017
IDT=     0000000000000000 00000fff
CR0=80000013 CR2=0000000000000000 CR3=0000000000002008 CR4=00000630
DR0=0000000000000000 DR1=0000000000000000 DR2=0000000000000000 DR3=0000000000000000 
DR6=00000000ffff0ff0 DR7=0000000000000400
CCS=0000000000000011 CCD=000000000000000d CCO=SUBQ
EFER=0000000000000501
Servicing hardware INT=0x28
    18: v=28 e=0000 i=0 cpl=0 IP=0008:0000000000008d06 pc=0000000000008d06 SP=0000:0000000000007ff8 env->regs[R_EAX]=000000000000001e
RAX=000000000000001e RBX=0000000000000012 RCX=0000000000000000 RDX=0000000000000000
RSI=0000000000005101 RDI=0000000000005101 RBP=0000000000000000 RSP=0000000000007ff8
R8 =0000000000000000 R9 =0000000000000000 R10=0000000000000000 R11=0000000000000000
R12=0000000000000000 R13=0000000000000000 R14=0000000000000000 R15=0000000000000000
RIP=0000000000008d06 RFL=00000206 [-----P-] CPL=0 II=0 A20=1 SMM=0 HLT=0
ES =0000 0000000000000000 00000000 00000000
CS =0008 0000000000000000 00000000 00209800 DPL=0 CS64 [---]
SS =0000 0000000000000000 ffffffff 00c09300 DPL=0 DS   [-WA]
DS =0000 0000000000000000 00000000 00000000
FS =0000 0000000000000000 00000000 00000000
GS =0000 0000000000000000 00000000 00000000
LDT=0000 0000000000000000 0000ffff 00008200 DPL=0 LDT
TR =0000 0000000000000000 0000ffff 00008b00 DPL=0 TSS64-busy
GDT=     0000000000001000 00000017
IDT=     0000000000000000 00000fff
CR0=80000013 CR2=0000000000000000 CR3=0000000000002008 CR4=00000630
DR0=0000000000000000 DR1=0000000000000000 DR2=0000000000000000 DR3=0000000000000000 
DR6=00000000ffff0ff0 DR7=0000000000000400
CCS=0000000000000012 CCD=000000000000000c CCO=SUBQ
EFER=0000000000000501
Servicing hardware INT=0x28
    19: v=28 e=0000 i=0 cpl=0 IP=0008:0000000000008d06 pc=0000000000008d06 SP=0000:0000000000007ff8 env->regs[R_EAX]=000000000000001e
RAX=000000000000001e RBX=0000000000000013 RCX=0000000000000000 RDX=0000000000000000
RSI=0000000000005101 RDI=0000000000005101 RBP=0000000000000000 RSP=0000000000007ff8
R8 =0000000000000000 R9 =0000000000000000 R10=0000000000000000 R11=0000000000000000
R12=0000000000000000 R13=0000000000000000 R14=0000000000000000 R15=0000000000000000
RIP=0000000000008d06 RFL=00000202 [-------] CPL=0 II=0 A20=1 SMM=0 HLT=0
ES =0000 0000000000000000 00000000 00000000
CS =0008 0000000000000000 00000000 00209800 DPL=0 CS64 [---]
SS =0000 0000000000000000 ffffffff 00c09300 DPL=0 DS   [-WA]
DS =0000 0000000000000000 00000000 00000000
FS =0000 0000000000000000 00000000 00000000
GS =0000 0000000000000000 00000000 00000000
LDT=0000 0000000000000000 0000ffff 00008200 DPL=0 LDT
TR =0000 0000000000000000 0000ffff 00008b00 DPL=0 TSS64-busy
GDT=     0000000000001000 00000017
IDT=     0000000000000000 00000fff
CR0=80000013 CR2=0000000000000000 CR3=0000000000002008 CR4=00000630
DR0=0000000000000000 DR1=0000000000000000 DR2=0000000000000000 DR3=0000000000000000 
DR6=00000000ffff0ff0 DR7=0000000000000400
CCS=0000000000000013 CCD=000000000000000b CCO=SUBQ
EFER=0000000000000501
Servicing hardware INT=0x28
    20: v=28 e=0000 i=0 cpl=0 IP=0008:0000000000008d06 pc=0000000000008d06 SP=0000:0000000000007ff8 env->regs[R_EAX]=000000000000001e
RAX=000000000000001e RBX=0000000000000014 RCX=0000000000000000 RDX=0000000000000000
RSI=0000000000005101 RDI=0000000000005101 RBP=0000000000000000 RSP=0000000000007ff8
R8 =0000000000000000 R9 =0000000000000000 R10=0000000000000000 R11=0000000000000000
R12=0000000000000000 R13=0000000000000000 R14=0000000000000000 R15=0000000000000000
RIP=0000000000008d06 RFL=00000206 [-----P-] CPL=0 II=0 A20=1 SMM=0 HLT=0
ES =0000 0000000000000000 00000000 00000000
CS =0008 0000000000000000 00000000 00209800 DPL=0 CS64 [---]
SS =0000 0000000000000000 ffffffff 00c09300 DPL=0 DS   [-WA]
DS =0000 0000000000000000 00000000 00000000
FS =0000 0000000000000000 00000000 00000000
GS =0000 0000000000000000 00000000 00000000
LDT=0000 0000000000000000 0000ffff 00008200 DPL=0 LDT
TR =0000 0000000000000000 0000ffff 00008b00 DPL=0 TSS64-busy
GDT=     0000000000001000 00000017
IDT=     0000000000000000 00000fff
CR0=80000013 CR2=0000000000000000 CR3=0000000000002008 CR4=00000630
DR0=0000000000000000 DR1=0000000000000000 DR2=0000000000000000 DR3=0000000000000000 
DR6=00000000ffff0ff0 DR7=0000000000000400
CCS=0000000000000014 CCD=000000000000000a CCO=SUBQ
EFER=0000000000000501
Servicing hardware INT=0x28
    21: v=28 e=0000 i=0 cpl=0 IP=0008:0000000000008d06 pc=0000000000008d06 SP=0000:0000000000007ff8 env->regs[R_EAX]=000000000000001e
RAX=000000000000001e RBX=0000000000000015 RCX=0000000000000000 RDX=0000000000000000
RSI=0000000000005101 RDI=0000000000005101 RBP=0000000000000000 RSP=0000000000007ff8
R8 =0000000000000000 R9 =0000000000000000 R10=0000000000000000 R11=0000000000000000
R12=0000000000000000 R13=0000000000000000 R14=0000000000000000 R15=0000000000000000
RIP=0000000000008d06 RFL=00000206 [-----P-] CPL=0 II=0 A20=1 SMM=0 HLT=0
ES =0000 0000000000000000 00000000 00000000
CS =0008 0000000000000000 00000000 00209800 DPL=0 CS64 [---]
SS =0000 0000000000000000 ffffffff 00c09300 DPL=0 DS   [-WA]
DS =0000 0000000000000000 00000000 00000000
FS =0000 0000000000000000 00000000 00000000
GS =0000 0000000000000000 00000000 00000000
LDT=0000 0000000000000000 0000ffff 00008200 DPL=0 LDT
TR =0000 0000000000000000 0000ffff 00008b00 DPL=0 TSS64-busy
GDT=     0000000000001000 00000017
IDT=     0000000000000000 00000fff
CR0=80000013 CR2=0000000000000000 CR3=0000000000002008 CR4=00000630
DR0=0000000000000000 DR1=0000000000000000 DR2=0000000000000000 DR3=0000000000000000 
DR6=00000000ffff0ff0 DR7=0000000000000400
CCS=0000000000000015 CCD=0000000000000009 CCO=SUBQ
EFER=0000000000000501
Servicing hardware INT=0x28
    22: v=28 e=0000 i=0 cpl=0 IP=0008:0000000000008d06 pc=0000000000008d06 SP=0000:0000000000007ff8 env->regs[R_EAX]=000000000000001e
RAX=000000000000001e RBX=0000000000000016 RCX=0000000000000000 RDX=0000000000000000
RSI=0000000000005101 RDI=0000000000005101 RBP=0000000000000000 RSP=0000000000007ff8
R8 =0000000000000000 R9 =0000000000000000 R10=0000000000000000 R11=0000000000000000
R12=0000000000000000 R13=0000000000000000 R14=0000000000000000 R15=0000000000000000
RIP=0000000000008d06 RFL=00000202 [-------] CPL=0 II=0 A20=1 SMM=0 HLT=0
ES =0000 0000000000000000 00000000 00000000
CS =0008 0000000000000000 00000000 00209800 DPL=0 CS64 [---]
SS =0000 0000000000000000 ffffffff 00c09300 DPL=0 DS   [-WA]
DS =0000 0000000000000000 00000000 00000000
FS =0000 0000000000000000 00000000 00000000
GS =0000 0000000000000000 00000000 00000000
LDT=0000 0000000000000000 0000ffff 00008200 DPL=0 LDT
TR =0000 0000000000000000 0000ffff 00008b00 DPL=0 TSS64-busy
GDT=     0000000000001000 00000017
IDT=     0000000000000000 00000fff
CR0=80000013 CR2=0000000000000000 CR3=0000000000002008 CR4=00000630
DR0=0000000000000000 DR1=0000000000000000 DR2=0000000000000000 DR3=0000000000000000 
DR6=00000000ffff0ff0 DR7=0000000000000400
CCS=0000000000000016 CCD=0000000000000008 CCO=SUBQ
EFER=0000000000000501
Servicing hardware INT=0x28
    23: v=28 e=0000 i=0 cpl=0 IP=0008:0000000000008d06 pc=0000000000008d06 SP=0000:0000000000007ff8 env->regs[R_EAX]=000000000000001e
RAX=000000000000001e RBX=0000000000000017 RCX=0000000000000000 RDX=0000000000000000
RSI=0000000000005101 RDI=0000000000005101 RBP=0000000000000000 RSP=0000000000007ff8
R8 =0000000000000000 R9 =0000000000000000 R10=0000000000000000 R11=0000000000000000
R12=0000000000000000 R13=0000000000000000 R14=0000000000000000 R15=0000000000000000
RIP=0000000000008d06 RFL=00000202 [-------] CPL=0 II=0 A20=1 SMM=0 HLT=0
ES =0000 0000000000000000 00000000 00000000
CS =0008 0000000000000000 00000000 00209800 DPL=0 CS64 [---]
SS =0000 0000000000000000 ffffffff 00c09300 DPL=0 DS   [-WA]
DS =0000 0000000000000000 00000000 00000000
FS =0000 0000000000000000 00000000 00000000
GS =0000 0000000000000000 00000000 00000000
LDT=0000 0000000000000000 0000ffff 00008200 DPL=0 LDT
TR =0000 0000000000000000 0000ffff 00008b00 DPL=0 TSS64-busy
GDT=     0000000000001000 00000017
IDT=     0000000000000000 00000fff
CR0=80000013 CR2=0000000000000000 CR3=0000000000002008 CR4=00000630
DR0=0000000000000000 DR1=0000000000000000 DR2=0000000000000000 DR3=0000000000000000 
DR6=00000000ffff0ff0 DR7=0000000000000400
CCS=0000000000000017 CCD=0000000000000007 CCO=SUBQ
EFER=0000000000000501
Servicing hardware INT=0x28
    24: v=28 e=0000 i=0 cpl=0 IP=0008:0000000000008d06 pc=0000000000008d06 SP=0000:0000000000007ff8 env->regs[R_EAX]=000000000000001e
RAX=000000000000001e RBX=0000000000000018 RCX=0000000000000000 RDX=0000000000000000
RSI=0000000000005101 RDI=0000000000005101 RBP=0000000000000000 RSP=0000000000007ff8
R8 =0000000000000000 R9 =0000000000000000 R10=0000000000000000 R11=0000000000000000
R12=0000000000000000 R13=0000000000000000 R14=0000000000000000 R15=0000000000000000
RIP=0000000000008d06 RFL=00000206 [-----P-] CPL=0 II=0 A20=1 SMM=0 HLT=0
ES =0000 0000000000000000 00000000 00000000
CS =0008 0000000000000000 00000000 00209800 DPL=0 CS64 [---]
SS =0000 0000000000000000 ffffffff 00c09300 DPL=0 DS   [-WA]
DS =0000 0000000000000000 00000000 00000000
FS =0000 0000000000000000 00000000 00000000
GS =0000 0000000000000000 00000000 00000000
LDT=0000 0000000000000000 0000ffff 00008200 DPL=0 LDT
TR =0000 0000000000000000 0000ffff 00008b00 DPL=0 TSS64-busy
GDT=     0000000000001000 00000017
IDT=     0000000000000000 00000fff
CR0=80000013 CR2=0000000000000000 CR3=0000000000002008 CR4=00000630
DR0=0000000000000000 DR1=0000000000000000 DR2=0000000000000000 DR3=0000000000000000 
DR6=00000000ffff0ff0 DR7=0000000000000400
CCS=0000000000000018 CCD=0000000000000006 CCO=SUBQ
EFER=0000000000000501
Servicing hardware INT=0x28
    25: v=28 e=0000 i=0 cpl=0 IP=0008:0000000000008d06 pc=0000000000008d06 SP=0000:0000000000007ff8 env->regs[R_EAX]=000000000000001e
RAX=000000000000001e RBX=0000000000000019 RCX=0000000000000000 RDX=0000000000000000
RSI=0000000000005101 RDI=0000000000005101 RBP=0000000000000000 RSP=0000000000007ff8
R8 =0000000000000000 R9 =0000000000000000 R10=0000000000000000 R11=0000000000000000
R12=0000000000000000 R13=0000000000000000 R14=0000000000000000 R15=0000000000000000
RIP=0000000000008d06 RFL=00000206 [-----P-] CPL=0 II=0 A20=1 SMM=0 HLT=0
ES =0000 0000000000000000 00000000 00000000
CS =0008 0000000000000000 00000000 00209800 DPL=0 CS64 [---]
SS =0000 0000000000000000 ffffffff 00c09300 DPL=0 DS   [-WA]
DS =0000 0000000000000000 00000000 00000000
FS =0000 0000000000000000 00000000 00000000
GS =0000 0000000000000000 00000000 00000000
LDT=0000 0000000000000000 0000ffff 00008200 DPL=0 LDT
TR =0000 0000000000000000 0000ffff 00008b00 DPL=0 TSS64-busy
GDT=     0000000000001000 00000017
IDT=     0000000000000000 00000fff
CR0=80000013 CR2=0000000000000000 CR3=0000000000002008 CR4=00000630
DR0=0000000000000000 DR1=0000000000000000 DR2=0000000000000000 DR3=0000000000000000 
DR6=00000000ffff0ff0 DR7=0000000000000400
CCS=0000000000000019 CCD=0000000000000005 CCO=SUBQ
EFER=0000000000000501
Servicing hardware INT=0x28
    26: v=28 e=0000 i=0 cpl=0 IP=0008:0000000000008d06 pc=0000000000008d06 SP=0000:0000000000007ff8 env->regs[R_EAX]=000000000000001e
RAX=000000000000001e RBX=000000000000001a RCX=0000000000000000 RDX=0000000000000000
RSI=0000000000005101 RDI=0000000000005101 RBP=0000000000000000 RSP=0000000000007ff8
R8 =0000000000000000 R9 =0000000000000000 R10=0000000000000000 R11=0000000000000000
R12=0000000000000000 R13=0000000000000000 R14=0000000000000000 R15=0000000000000000
RIP=0000000000008d06 RFL=00000202 [-------] CPL=0 II=0 A20=1 SMM=0 HLT=0
ES =0000 0000000000000000 00000000 00000000
CS =0008 0000000000000000 00000000 00209800 DPL=0 CS64 [---]
SS =0000 0000000000000000 ffffffff 00c09300 DPL=0 DS   [-WA]
DS =0000 0000000000000000 00000000 00000000
FS =0000 0000000000000000 00000000 00000000
GS =0000 0000000000000000 00000000 00000000
LDT=0000 0000000000000000 0000ffff 00008200 DPL=0 LDT
TR =0000 0000000000000000 0000ffff 00008b00 DPL=0 TSS64-busy
GDT=     0000000000001000 00000017
IDT=     0000000000000000 00000fff
CR0=80000013 CR2=0000000000000000 CR3=0000000000002008 CR4=00000630
DR0=0000000000000000 DR1=0000000000000000 DR2=0000000000000000 DR3=0000000000000000 
DR6=00000000ffff0ff0 DR7=0000000000000400
CCS=000000000000001a CCD=0000000000000004 CCO=SUBQ
EFER=0000000000000501
Servicing hardware INT=0x28
    27: v=28 e=0000 i=0 cpl=0 IP=0008:0000000000008d06 pc=0000000000008d06 SP=0000:0000000000007ff8 env->regs[R_EAX]=000000000000001e
RAX=000000000000001e RBX=000000000000001b RCX=0000000000000000 RDX=0000000000000000
RSI=0000000000005101 RDI=0000000000005101 RBP=0000000000000000 RSP=0000000000007ff8
R8 =0000000000000000 R9 =0000000000000000 R10=0000000000000000 R11=0000000000000000
R12=0000000000000000 R13=0000000000000000 R14=0000000000000000 R15=0000000000000000
RIP=0000000000008d06 RFL=00000206 [-----P-] CPL=0 II=0 A20=1 SMM=0 HLT=0
ES =0000 0000000000000000 00000000 00000000
CS =0008 0000000000000000 00000000 00209800 DPL=0 CS64 [---]
SS =0000 0000000000000000 ffffffff 00c09300 DPL=0 DS   [-WA]
DS =0000 0000000000000000 00000000 00000000
FS =0000 0000000000000000 00000000 00000000
GS =0000 0000000000000000 00000000 00000000
LDT=0000 0000000000000000 0000ffff 00008200 DPL=0 LDT
TR =0000 0000000000000000 0000ffff 00008b00 DPL=0 TSS64-busy
GDT=     0000000000001000 00000017
IDT=     0000000000000000 00000fff
CR0=80000013 CR2=0000000000000000 CR3=0000000000002008 CR4=00000630
DR0=0000000000000000 DR1=0000000000000000 DR2=0000000000000000 DR3=0000000000000000 
DR6=00000000ffff0ff0 DR7=0000000000000400
CCS=000000000000001b CCD=0000000000000003 CCO=SUBQ
EFER=0000000000000501
Servicing hardware INT=0x28
    28: v=28 e=0000 i=0 cpl=0 IP=0008:0000000000008d06 pc=0000000000008d06 SP=0000:0000000000007ff8 env->regs[R_EAX]=000000000000001e
RAX=000000000000001e RBX=000000000000001c RCX=0000000000000000 RDX=0000000000000000
RSI=0000000000005101 RDI=0000000000005101 RBP=0000000000000000 RSP=0000000000007ff8
R8 =0000000000000000 R9 =0000000000000000 R10=0000000000000000 R11=0000000000000000
R12=0000000000000000 R13=0000000000000000 R14=0000000000000000 R15=0000000000000000
RIP=0000000000008d06 RFL=00000202 [-------] CPL=0 II=0 A20=1 SMM=0 HLT=0
ES =0000 0000000000000000 00000000 00000000
CS =0008 0000000000000000 00000000 00209800 DPL=0 CS64 [---]
SS =0000 0000000000000000 ffffffff 00c09300 DPL=0 DS   [-WA]
DS =0000 0000000000000000 00000000 00000000
FS =0000 0000000000000000 00000000 00000000
GS =0000 0000000000000000 00000000 00000000
LDT=0000 0000000000000000 0000ffff 00008200 DPL=0 LDT
TR =0000 0000000000000000 0000ffff 00008b00 DPL=0 TSS64-busy
GDT=     0000000000001000 00000017
IDT=     0000000000000000 00000fff
CR0=80000013 CR2=0000000000000000 CR3=0000000000002008 CR4=00000630
DR0=0000000000000000 DR1=0000000000000000 DR2=0000000000000000 DR3=0000000000000000 
DR6=00000000ffff0ff0 DR7=0000000000000400
CCS=000000000000001c CCD=0000000000000002 CCO=SUBQ
EFER=0000000000000501
Servicing hardware INT=0x28
    29: v=28 e=0000 i=0 cpl=0 IP=0008:0000000000008d06 pc=0000000000008d06 SP=0000:0000000000007ff8 env->regs[R_EAX]=000000000000001e
RAX=000000000000001e RBX=000000000000001d RCX=0000000000000000 RDX=0000000000000000
RSI=0000000000005101 RDI=0000000000005101 RBP=0000000000000000 RSP=0000000000007ff8
R8 =0000000000000000 R9 =0000000000000000 R10=0000000000000000 R11=0000000000000000
R12=0000000000000000 R13=0000000000000000 R14=0000000000000000 R15=0000000000000000
RIP=0000000000008d06 RFL=00000202 [-------] CPL=0 II=0 A20=1 SMM=0 HLT=0
ES =0000 0000000000000000 00000000 00000000
CS =0008 0000000000000000 00000000 00209800 DPL=0 CS64 [---]
SS =0000 0000000000000000 ffffffff 00c09300 DPL=0 DS   [-WA]
DS =0000 0000000000000000 00000000 00000000
FS =0000 0000000000000000 00000000 00000000
GS =0000 0000000000000000 00000000 00000000
LDT=0000 0000000000000000 0000ffff 00008200 DPL=0 LDT
TR =0000 0000000000000000 0000ffff 00008b00 DPL=0 TSS64-busy
GDT=     0000000000001000 00000017
IDT=     0000000000000000 00000fff
CR0=80000013 CR2=0000000000000000 CR3=0000000000002008 CR4=00000630
DR0=0000000000000000 DR1=0000000000000000 DR2=0000000000000000 DR3=0000000000000000 
DR6=00000000ffff0ff0 DR7=0000000000000400
CCS=000000000000001d CCD=0000000000000001 CCO=SUBQ
EFER=0000000000000501
Servicing hardware INT=0x28
    30: v=28 e=0000 i=0 cpl=0 IP=0008:0000000000008d54 pc=0000000000008d54 SP=0000:0000000000007ff0 env->regs[R_EAX]=000000004fb361fc
RAX=000000004fb361fc RBX=000000000000001e RCX=0000000000000028 RDX=0000000000000000
RSI=00000000fee00024 RDI=0000000000005101 RBP=0000000000000000 RSP=0000000000007ff0
R8 =0000000000000000 R9 =0000000000000000 R10=0000000000000000 R11=0000000000000000
R12=0000000000000000 R13=0000000000000000 R14=0000000000000000 R15=0000000000000000
RIP=0000000000008d54 RFL=00000287 [--S--PC] CPL=0 II=0 A20=1 SMM=0 HLT=0
ES =0000 0000000000000000 00000000 00000000
CS =0008 0000000000000000 00000000 00209800 DPL=0 CS64 [---]
SS =0000 0000000000000000 ffffffff 00c09300 DPL=0 DS   [-WA]
DS =0000 0000000000000000 00000000 00000000
FS =0000 0000000000000000 00000000 00000000
GS =0000 0000000000000000 00000000 00000000
LDT=0000 0000000000000000 0000ffff 00008200 DPL=0 LDT
TR =0000 0000000000000000 0000ffff 00008b00 DPL=0 TSS64-busy
GDT=     0000000000001000 00000017
IDT=     0000000000000000 00000fff
CR0=80000013 CR2=0000000000000000 CR3=0000000000002008 CR4=00000630
DR0=0000000000000000 DR1=0000000000000000 DR2=0000000000000000 DR3=0000000000000000 
DR6=00000000ffff0ff0 DR7=0000000000000400
CCS=0000000000000028 CCD=fffffffffffffff6 CCO=SUBQ
EFER=0000000000000501
Servicing hardware INT=0x28
    31: v=28 e=0000 i=0 cpl=0 IP=0008:0000000000008d54 pc=0000000000008d54 SP=0000:0000000000007ff0 env->regs[R_EAX]=000000004fb361fc
RAX=000000004fb361fc RBX=000000000000001f RCX=0000000000000028 RDX=0000000000000000
RSI=00000000fee00024 RDI=0000000000005101 RBP=0000000000000000 RSP=0000000000007ff0
R8 =0000000000000000 R9 =0000000000000000 R10=0000000000000000 R11=0000000000000000
R12=0000000000000000 R13=0000000000000000 R14=0000000000000000 R15=0000000000000000
RIP=0000000000008d54 RFL=00000283 [--S---C] CPL=0 II=0 A20=1 SMM=0 HLT=0
ES =0000 0000000000000000 00000000 00000000
CS =0008 0000000000000000 00000000 00209800 DPL=0 CS64 [---]
SS =0000 0000000000000000 ffffffff 00c09300 DPL=0 DS   [-WA]
DS =0000 0000000000000000 00000000 00000000
FS =0000 0000000000000000 00000000 00000000
GS =0000 0000000000000000 00000000 00000000
LDT=0000 0000000000000000 0000ffff 00008200 DPL=0 LDT
TR =0000 0000000000000000 0000ffff 00008b00 DPL=0 TSS64-busy
GDT=     0000000000001000 00000017
IDT=     0000000000000000 00000fff
CR0=80000013 CR2=0000000000000000 CR3=0000000000002008 CR4=00000630
DR0=0000000000000000 DR1=0000000000000000 DR2=0000000000000000 DR3=0000000000000000 
DR6=00000000ffff0ff0 DR7=0000000000000400
CCS=0000000000000028 CCD=fffffffffffffff7 CCO=SUBQ
EFER=0000000000000501
Servicing hardware INT=0x28
    32: v=28 e=0000 i=0 cpl=0 IP=0008:0000000000008d54 pc=0000000000008d54 SP=0000:0000000000007ff0 env->regs[R_EAX]=000000004fb361fc
RAX=000000004fb361fc RBX=0000000000000020 RCX=0000000000000028 RDX=0000000000000000
RSI=00000000fee00024 RDI=0000000000005101 RBP=0000000000000000 RSP=0000000000007ff0
R8 =0000000000000000 R9 =0000000000000000 R10=0000000000000000 R11=0000000000000000
R12=0000000000000000 R13=0000000000000000 R14=0000000000000000 R15=0000000000000000
RIP=0000000000008d54 RFL=00000293 [--S-A-C] CPL=0 II=0 A20=1 SMM=0 HLT=0
ES =0000 0000000000000000 00000000 00000000
CS =0008 0000000000000000 00000000 00209800 DPL=0 CS64 [---]
SS =0000 0000000000000000 ffffffff 00c09300 DPL=0 DS   [-WA]
DS =0000 0000000000000000 00000000 00000000
FS =0000 0000000000000000 00000000 00000000
GS =0000 0000000000000000 00000000 00000000
LDT=0000 0000000000000000 0000ffff 00008200 DPL=0 LDT
TR =0000 0000000000000000 0000ffff 00008b00 DPL=0 TSS64-busy
GDT=     0000000000001000 00000017
IDT=     0000000000000000 00000fff
CR0=80000013 CR2=0000000000000000 CR3=0000000000002008 CR4=00000630
DR0=0000000000000000 DR1=0000000000000000 DR2=0000000000000000 DR3=0000000000000000 
DR6=00000000ffff0ff0 DR7=0000000000000400
CCS=0000000000000028 CCD=fffffffffffffff8 CCO=SUBQ
EFER=0000000000000501
Servicing hardware INT=0x28
    33: v=28 e=0000 i=0 cpl=0 IP=0008:0000000000008d54 pc=0000000000008d54 SP=0000:0000000000007ff0 env->regs[R_EAX]=000000004fb361fc
RAX=000000004fb361fc RBX=0000000000000021 RCX=0000000000000028 RDX=0000000000000000
RSI=00000000fee00024 RDI=0000000000005101 RBP=0000000000000000 RSP=0000000000007ff0
R8 =0000000000000000 R9 =0000000000000000 R10=0000000000000000 R11=0000000000000000
R12=0000000000000000 R13=0000000000000000 R14=0000000000000000 R15=0000000000000000
RIP=0000000000008d54 RFL=00000297 [--S-APC] CPL=0 II=0 A20=1 SMM=0 HLT=0
ES =0000 0000000000000000 00000000 00000000
CS =0008 0000000000000000 00000000 00209800 DPL=0 CS64 [---]
SS =0000 0000000000000000 ffffffff 00c09300 DPL=0 DS   [-WA]
DS =0000 0000000000000000 00000000 00000000
FS =0000 0000000000000000 00000000 00000000
GS =0000 0000000000000000 00000000 00000000
LDT=0000 0000000000000000 0000ffff 00008200 DPL=0 LDT
TR =0000 0000000000000000 0000ffff 00008b00 DPL=0 TSS64-busy
GDT=     0000000000001000 00000017
IDT=     0000000000000000 00000fff
CR0=80000013 CR2=0000000000000000 CR3=0000000000002008 CR4=00000630
DR0=0000000000000000 DR1=0000000000000000 DR2=0000000000000000 DR3=0000000000000000 
DR6=00000000ffff0ff0 DR7=0000000000000400
CCS=0000000000000028 CCD=fffffffffffffff9 CCO=SUBQ
EFER=0000000000000501
Servicing hardware INT=0x28
    34: v=28 e=0000 i=0 cpl=0 IP=0008:0000000000008d54 pc=0000000000008d54 SP=0000:0000000000007ff0 env->regs[R_EAX]=000000004fb361fc
RAX=000000004fb361fc RBX=0000000000000022 RCX=0000000000000028 RDX=0000000000000000
RSI=00000000fee00024 RDI=0000000000005101 RBP=0000000000000000 RSP=0000000000007ff0
R8 =0000000000000000 R9 =0000000000000000 R10=0000000000000000 R11=0000000000000000
R12=0000000000000000 R13=0000000000000000 R14=0000000000000000 R15=0000000000000000
RIP=0000000000008d54 RFL=00000297 [--S-APC] CPL=0 II=0 A20=1 SMM=0 HLT=0
ES =0000 0000000000000000 00000000 00000000
CS =0008 0000000000000000 00000000 00209800 DPL=0 CS64 [---]
SS =0000 0000000000000000 ffffffff 00c09300 DPL=0 DS   [-WA]
DS =0000 0000000000000000 00000000 00000000
FS =0000 0000000000000000 00000000 00000000
GS =0000 0000000000000000 00000000 00000000
LDT=0000 0000000000000000 0000ffff 00008200 DPL=0 LDT
TR =0000 0000000000000000 0000ffff 00008b00 DPL=0 TSS64-busy
GDT=     0000000000001000 00000017
IDT=     0000000000000000 00000fff
CR0=80000013 CR2=0000000000000000 CR3=0000000000002008 CR4=00000630
DR0=0000000000000000 DR1=0000000000000000 DR2=0000000000000000 DR3=0000000000000000 
DR6=00000000ffff0ff0 DR7=0000000000000400
CCS=0000000000000028 CCD=fffffffffffffffa CCO=SUBQ
EFER=0000000000000501
Servicing hardware INT=0x28
    35: v=28 e=0000 i=0 cpl=0 IP=0008:0000000000008d54 pc=0000000000008d54 SP=0000:0000000000007ff0 env->regs[R_EAX]=000000004fb361fc
RAX=000000004fb361fc RBX=0000000000000023 RCX=0000000000000028 RDX=0000000000000000
RSI=00000000fee00024 RDI=0000000000005101 RBP=0000000000000000 RSP=0000000000007ff0
R8 =0000000000000000 R9 =0000000000000000 R10=0000000000000000 R11=0000000000000000
R12=0000000000000000 R13=0000000000000000 R14=0000000000000000 R15=0000000000000000
RIP=0000000000008d54 RFL=00000293 [--S-A-C] CPL=0 II=0 A20=1 SMM=0 HLT=0
ES =0000 0000000000000000 00000000 00000000
CS =0008 0000000000000000 00000000 00209800 DPL=0 CS64 [---]
SS =0000 0000000000000000 ffffffff 00c09300 DPL=0 DS   [-WA]
DS =0000 0000000000000000 00000000 00000000
FS =0000 0000000000000000 00000000 00000000
GS =0000 0000000000000000 00000000 00000000
LDT=0000 0000000000000000 0000ffff 00008200 DPL=0 LDT
TR =0000 0000000000000000 0000ffff 00008b00 DPL=0 TSS64-busy
GDT=     0000000000001000 00000017
IDT=     0000000000000000 00000fff
CR0=80000013 CR2=0000000000000000 CR3=0000000000002008 CR4=00000630
DR0=0000000000000000 DR1=0000000000000000 DR2=0000000000000000 DR3=0000000000000000 
DR6=00000000ffff0ff0 DR7=0000000000000400
CCS=0000000000000028 CCD=fffffffffffffffb CCO=SUBQ
EFER=0000000000000501
Servicing hardware INT=0x28
    36: v=28 e=0000 i=0 cpl=0 IP=0008:0000000000008d54 pc=0000000000008d54 SP=0000:0000000000007ff0 env->regs[R_EAX]=000000004fb361fc
RAX=000000004fb361fc RBX=0000000000000024 RCX=0000000000000028 RDX=0000000000000000
RSI=00000000fee00024 RDI=0000000000005101 RBP=0000000000000000 RSP=0000000000007ff0
R8 =0000000000000000 R9 =0000000000000000 R10=0000000000000000 R11=0000000000000000
R12=0000000000000000 R13=0000000000000000 R14=0000000000000000 R15=0000000000000000
RIP=0000000000008d54 RFL=00000297 [--S-APC] CPL=0 II=0 A20=1 SMM=0 HLT=0
ES =0000 0000000000000000 00000000 00000000
CS =0008 0000000000000000 00000000 00209800 DPL=0 CS64 [---]
SS =0000 0000000000000000 ffffffff 00c09300 DPL=0 DS   [-WA]
DS =0000 0000000000000000 00000000 00000000
FS =0000 0000000000000000 00000000 00000000
GS =0000 0000000000000000 00000000 00000000
LDT=0000 0000000000000000 0000ffff 00008200 DPL=0 LDT
TR =0000 0000000000000000 0000ffff 00008b00 DPL=0 TSS64-busy
GDT=     0000000000001000 00000017
IDT=     0000000000000000 00000fff
CR0=80000013 CR2=0000000000000000 CR3=0000000000002008 CR4=00000630
DR0=0000000000000000 DR1=0000000000000000 DR2=0000000000000000 DR3=0000000000000000 
DR6=00000000ffff0ff0 DR7=0000000000000400
CCS=0000000000000028 CCD=fffffffffffffffc CCO=SUBQ
EFER=0000000000000501
Servicing hardware INT=0x28
    37: v=28 e=0000 i=0 cpl=0 IP=0008:0000000000008d54 pc=0000000000008d54 SP=0000:0000000000007ff0 env->regs[R_EAX]=000000004fb361fc
RAX=000000004fb361fc RBX=0000000000000025 RCX=0000000000000028 RDX=0000000000000000
RSI=00000000fee00024 RDI=0000000000005101 RBP=0000000000000000 RSP=0000000000007ff0
R8 =0000000000000000 R9 =0000000000000000 R10=0000000000000000 R11=0000000000000000
R12=0000000000000000 R13=0000000000000000 R14=0000000000000000 R15=0000000000000000
RIP=0000000000008d54 RFL=00000293 [--S-A-C] CPL=0 II=0 A20=1 SMM=0 HLT=0
ES =0000 0000000000000000 00000000 00000000
CS =0008 0000000000000000 00000000 00209800 DPL=0 CS64 [---]
SS =0000 0000000000000000 ffffffff 00c09300 DPL=0 DS   [-WA]
DS =0000 0000000000000000 00000000 00000000
FS =0000 0000000000000000 00000000 00000000
GS =0000 0000000000000000 00000000 00000000
LDT=0000 0000000000000000 0000ffff 00008200 DPL=0 LDT
TR =0000 0000000000000000 0000ffff 00008b00 DPL=0 TSS64-busy
GDT=     0000000000001000 00000017
IDT=     0000000000000000 00000fff
CR0=80000013 CR2=0000000000000000 CR3=0000000000002008 CR4=00000630
DR0=0000000000000000 DR1=0000000000000000 DR2=0000000000000000 DR3=0000000000000000 
DR6=00000000ffff0ff0 DR7=0000000000000400
CCS=0000000000000028 CCD=fffffffffffffffd CCO=SUBQ
EFER=0000000000000501
Servicing hardware INT=0x28
    38: v=28 e=0000 i=0 cpl=0 IP=0008:0000000000008d54 pc=0000000000008d54 SP=0000:0000000000007ff0 env->regs[R_EAX]=000000004fb361fc
RAX=000000004fb361fc RBX=0000000000000026 RCX=0000000000000028 RDX=0000000000000000
RSI=00000000fee00024 RDI=0000000000005101 RBP=0000000000000000 RSP=0000000000007ff0
R8 =0000000000000000 R9 =0000000000000000 R10=0000000000000000 R11=0000000000000000
R12=0000000000000000 R13=0000000000000000 R14=0000000000000000 R15=0000000000000000
RIP=0000000000008d54 RFL=00000293 [--S-A-C] CPL=0 II=0 A20=1 SMM=0 HLT=0
ES =0000 0000000000000000 00000000 00000000
CS =0008 0000000000000000 00000000 00209800 DPL=0 CS64 [---]
SS =0000 0000000000000000 ffffffff 00c09300 DPL=0 DS   [-WA]
DS =0000 0000000000000000 00000000 00000000
FS =0000 0000000000000000 00000000 00000000
GS =0000 0000000000000000 00000000 00000000
LDT=0000 0000000000000000 0000ffff 00008200 DPL=0 LDT
TR =0000 0000000000000000 0000ffff 00008b00 DPL=0 TSS64-busy
GDT=     0000000000001000 00000017
IDT=     0000000000000000 00000fff
CR0=80000013 CR2=0000000000000000 CR3=0000000000002008 CR4=00000630
DR0=0000000000000000 DR1=0000000000000000 DR2=0000000000000000 DR3=0000000000000000 
DR6=00000000ffff0ff0 DR7=0000000000000400
CCS=0000000000000028 CCD=fffffffffffffffe CCO=SUBQ
EFER=0000000000000501
Servicing hardware INT=0x28
    39: v=28 e=0000 i=0 cpl=0 IP=0008:0000000000008d54 pc=0000000000008d54 SP=0000:0000000000007ff0 env->regs[R_EAX]=000000004fb361fc
RAX=000000004fb361fc RBX=0000000000000027 RCX=0000000000000028 RDX=0000000000000000
RSI=00000000fee00024 RDI=0000000000005101 RBP=0000000000000000 RSP=0000000000007ff0
R8 =0000000000000000 R9 =0000000000000000 R10=0000000000000000 R11=0000000000000000
R12=0000000000000000 R13=0000000000000000 R14=0000000000000000 R15=0000000000000000
RIP=0000000000008d54 RFL=00000297 [--S-APC] CPL=0 II=0 A20=1 SMM=0 HLT=0
ES =0000 0000000000000000 00000000 00000000
CS =0008 0000000000000000 00000000 00209800 DPL=0 CS64 [---]
SS =0000 0000000000000000 ffffffff 00c09300 DPL=0 DS   [-WA]
DS =0000 0000000000000000 00000000 00000000
FS =0000 0000000000000000 00000000 00000000
GS =0000 0000000000000000 00000000 00000000
LDT=0000 0000000000000000 0000ffff 00008200 DPL=0 LDT
TR =0000 0000000000000000 0000ffff 00008b00 DPL=0 TSS64-busy
GDT=     0000000000001000 00000017
IDT=     0000000000000000 00000fff
CR0=80000013 CR2=0000000000000000 CR3=0000000000002008 CR4=00000630
DR0=0000000000000000 DR1=0000000000000000 DR2=0000000000000000 DR3=0000000000000000 
DR6=00000000ffff0ff0 DR7=0000000000000400
CCS=0000000000000028 CCD=ffffffffffffffff CCO=SUBQ
EFER=0000000000000501
Servicing hardware INT=0x20
    40: v=20 e=0000 i=0 cpl=0 IP=0008:00000000001008b7 pc=00000000001008b7 SP=0000:000000000010bfe8 env->regs[R_EAX]=00000000000000ff
RAX=00000000000000ff RBX=0000000000000000 RCX=0000415657555251 RDX=0000000041565755
RSI=00000000fd000000 RDI=00000000000000ff RBP=0000000000000000 RSP=000000000010bfe8
R8 =000000000000000f R9 =00000000000000e7 R10=00000000ffefed20 R11=00000000001012f0
R12=0000000000000000 R13=0000000000000000 R14=0000000000000000 R15=0000000000000000
RIP=00000000001008b7 RFL=00000212 [----A--] CPL=0 II=0 A20=1 SMM=0 HLT=0
ES =0000 0000000000000000 00000000 00000000
CS =0008 0000000000000000 00000000 00209800 DPL=0 CS64 [---]
SS =0000 0000000000000000 ffffffff 00c09300 DPL=0 DS   [-WA]
DS =0000 0000000000000000 00000000 00000000
FS =0000 0000000000000000 00000000 00000000
GS =0000 0000000000000000 00000000 00000000
LDT=0000 0000000000000000 0000ffff 00008200 DPL=0 LDT
TR =0000 0000000000000000 0000ffff 00008b00 DPL=0 TSS64-busy
GDT=     0000000000001000 00000017
IDT=     0000000000000000 00000fff
CR0=80000013 CR2=0000000000000000 CR3=0000000000002008 CR4=00000630
DR0=0000000000000000 DR1=0000000000000000 DR2=0000000000000000 DR3=0000000000000000 
DR6=00000000ffff0ff0 DR7=0000000000000400
CCS=0000000000000008 CCD=000000000010bfe0 CCO=ADDQ
EFER=0000000000000501
check_exception old: 0xffffffff new 0xd
    41: v=0d e=0000 i=0 cpl=0 IP=0008:4156575552515350 pc=4156575552515350 SP=0000:000000000010bfb8 env->regs[R_EAX]=00000000000000ff
RAX=00000000000000ff RBX=0000000000000000 RCX=0000415657555251 RDX=0000000041565755
RSI=00000000fd000000 RDI=00000000000000ff RBP=0000000000000000 RSP=000000000010bfb8
R8 =000000000000000f R9 =00000000000000e7 R10=00000000ffefed20 R11=00000000001012f0
R12=0000000000000000 R13=0000000000000000 R14=0000000000000000 R15=0000000000000000
RIP=4156575552515350 RFL=00000012 [----A--] CPL=0 II=0 A20=1 SMM=0 HLT=0
ES =0000 0000000000000000 00000000 00000000
CS =0008 0000000000000000 00000000 00209800 DPL=0 CS64 [---]
SS =0000 0000000000000000 ffffffff 00c09300 DPL=0 DS   [-WA]
DS =0000 0000000000000000 00000000 00000000
FS =0000 0000000000000000 00000000 00000000
GS =0000 0000000000000000 00000000 00000000
LDT=0000 0000000000000000 0000ffff 00008200 DPL=0 LDT
TR =0000 0000000000000000 0000ffff 00008b00 DPL=0 TSS64-busy
GDT=     0000000000001000 00000017
IDT=     0000000000000000 00000fff
CR0=80000013 CR2=4156575552515350 CR3=0000000000002008 CR4=00000630
DR0=0000000000000000 DR1=0000000000000000 DR2=0000000000000000 DR3=0000000000000000 
DR6=00000000ffff0ff0 DR7=0000000000000400
CCS=0000000000000008 CCD=000000000010bfe0 CCO=ADDQ
EFER=0000000000000501
